C:\USERS\44736\APPDATA\LOCAL\TEMP\PS3PPULD102802\LIB.ENT.O
C:\USERS\44736\APPDATA\LOCAL\TEMP\PS3PPULD102802\OBMW2
C:\USERS\44736\APPDATA\LOCAL\TEMP\PS3PPULD104922\LIB.ENT.O
C:\USERS\44736\APPDATA\LOCAL\TEMP\PS3PPULD104922\OBMW2
C:\USERS\44736\APPDATA\LOCAL\TEMP\PS3PPULD105522\LIB.ENT.O
C:\USERS\44736\APPDATA\LOCAL\TEMP\PS3PPULD105522\OBMW2
C:\USERS\44736\APPDATA\LOCAL\TEMP\PS3PPULD105762\LIB.ENT.O
C:\USERS\44736\APPDATA\LOCAL\TEMP\PS3PPULD105762\OBMW2
C:\USERS\44736\APPDATA\LOCAL\TEMP\PS3PPULD106322\LIB.ENT.O
C:\USERS\44736\APPDATA\LOCAL\TEMP\PS3PPULD106322\OBMW2
C:\USERS\44736\APPDATA\LOCAL\TEMP\PS3PPULD106682\LIB.ENT.O
C:\USERS\44736\APPDATA\LOCAL\TEMP\PS3PPULD106682\OBMW2
C:\USERS\44736\APPDATA\LOCAL\TEMP\PS3PPULD110842\LIB.ENT.O
C:\USERS\44736\APPDATA\LOCAL\TEMP\PS3PPULD110842\OBMW2
C:\USERS\44736\APPDATA\LOCAL\TEMP\PS3PPULD111242\LIB.ENT.O
C:\USERS\44736\APPDATA\LOCAL\TEMP\PS3PPULD111242\OBMW2
C:\USERS\44736\APPDATA\LOCAL\TEMP\PS3PPULD112562\LIB.ENT.O
C:\USERS\44736\APPDATA\LOCAL\TEMP\PS3PPULD112562\OBMW2
C:\USERS\44736\APPDATA\LOCAL\TEMP\PS3PPULD112602\LIB.ENT.O
C:\USERS\44736\APPDATA\LOCAL\TEMP\PS3PPULD112602\OBMW2
C:\USERS\44736\APPDATA\LOCAL\TEMP\PS3PPULD112962\LIB.ENT.O
C:\USERS\44736\APPDATA\LOCAL\TEMP\PS3PPULD112962\OBMW2
C:\USERS\44736\APPDATA\LOCAL\TEMP\PS3PPULD113602\LIB.ENT.O
C:\USERS\44736\APPDATA\LOCAL\TEMP\PS3PPULD113602\OBMW2
C:\USERS\44736\APPDATA\LOCAL\TEMP\PS3PPULD113682\LIB.ENT.O
C:\USERS\44736\APPDATA\LOCAL\TEMP\PS3PPULD113682\OBMW2
C:\USERS\44736\APPDATA\LOCAL\TEMP\PS3PPULD115122\LIB.ENT.O
C:\USERS\44736\APPDATA\LOCAL\TEMP\PS3PPULD115122\OBMW2
C:\USERS\44736\APPDATA\LOCAL\TEMP\PS3PPULD116522\LIB.ENT.O
C:\USERS\44736\APPDATA\LOCAL\TEMP\PS3PPULD116522\OBMW2
C:\USERS\44736\APPDATA\LOCAL\TEMP\PS3PPULD117682\LIB.ENT.O
C:\USERS\44736\APPDATA\LOCAL\TEMP\PS3PPULD117682\OBMW2
C:\USERS\44736\APPDATA\LOCAL\TEMP\PS3PPULD117922\LIB.ENT.O
C:\USERS\44736\APPDATA\LOCAL\TEMP\PS3PPULD117922\OBMW2
C:\USERS\44736\APPDATA\LOCAL\TEMP\PS3PPULD11882\LIB.ENT.O
C:\USERS\44736\APPDATA\LOCAL\TEMP\PS3PPULD11882\OBMW2
C:\USERS\44736\APPDATA\LOCAL\TEMP\PS3PPULD120002\LIB.ENT.O
C:\USERS\44736\APPDATA\LOCAL\TEMP\PS3PPULD120002\OBMW2
C:\USERS\44736\APPDATA\LOCAL\TEMP\PS3PPULD120802\LIB.ENT.O
C:\USERS\44736\APPDATA\LOCAL\TEMP\PS3PPULD120802\OBMW2
C:\USERS\44736\APPDATA\LOCAL\TEMP\PS3PPULD123082\LIB.ENT.O
C:\USERS\44736\APPDATA\LOCAL\TEMP\PS3PPULD123082\OBMW2
C:\USERS\44736\APPDATA\LOCAL\TEMP\PS3PPULD124122\LIB.ENT.O
C:\USERS\44736\APPDATA\LOCAL\TEMP\PS3PPULD124122\OBMW2
C:\USERS\44736\APPDATA\LOCAL\TEMP\PS3PPULD124282\LIB.ENT.O
C:\USERS\44736\APPDATA\LOCAL\TEMP\PS3PPULD124282\OBMW2
C:\USERS\44736\APPDATA\LOCAL\TEMP\PS3PPULD124322\LIB.ENT.O
C:\USERS\44736\APPDATA\LOCAL\TEMP\PS3PPULD124322\OBMW2
C:\USERS\44736\APPDATA\LOCAL\TEMP\PS3PPULD124802\LIB.ENT.O
C:\USERS\44736\APPDATA\LOCAL\TEMP\PS3PPULD124802\OBMW2
C:\USERS\44736\APPDATA\LOCAL\TEMP\PS3PPULD125242\LIB.ENT.O
C:\USERS\44736\APPDATA\LOCAL\TEMP\PS3PPULD125242\OBMW2
C:\USERS\44736\APPDATA\LOCAL\TEMP\PS3PPULD125882\LIB.ENT.O
C:\USERS\44736\APPDATA\LOCAL\TEMP\PS3PPULD125882\OBMW2
C:\USERS\44736\APPDATA\LOCAL\TEMP\PS3PPULD126002\LIB.ENT.O
C:\USERS\44736\APPDATA\LOCAL\TEMP\PS3PPULD126002\OBMW2
C:\USERS\44736\APPDATA\LOCAL\TEMP\PS3PPULD126962\LIB.ENT.O
C:\USERS\44736\APPDATA\LOCAL\TEMP\PS3PPULD126962\OBMW2
C:\USERS\44736\APPDATA\LOCAL\TEMP\PS3PPULD127082\LIB.ENT.O
C:\USERS\44736\APPDATA\LOCAL\TEMP\PS3PPULD127082\OBMW2
C:\USERS\44736\APPDATA\LOCAL\TEMP\PS3PPULD127162\LIB.ENT.O
C:\USERS\44736\APPDATA\LOCAL\TEMP\PS3PPULD127162\OBMW2
C:\USERS\44736\APPDATA\LOCAL\TEMP\PS3PPULD127242\LIB.ENT.O
C:\USERS\44736\APPDATA\LOCAL\TEMP\PS3PPULD127242\OBMW2
C:\USERS\44736\APPDATA\LOCAL\TEMP\PS3PPULD128402\LIB.ENT.O
C:\USERS\44736\APPDATA\LOCAL\TEMP\PS3PPULD128402\OBMW2
C:\USERS\44736\APPDATA\LOCAL\TEMP\PS3PPULD128922\LIB.ENT.O
C:\USERS\44736\APPDATA\LOCAL\TEMP\PS3PPULD128922\OBMW2
C:\USERS\44736\APPDATA\LOCAL\TEMP\PS3PPULD130522\LIB.ENT.O
C:\USERS\44736\APPDATA\LOCAL\TEMP\PS3PPULD130522\OBMW2
C:\USERS\44736\APPDATA\LOCAL\TEMP\PS3PPULD131202\LIB.ENT.O
C:\USERS\44736\APPDATA\LOCAL\TEMP\PS3PPULD131202\OBMW2
C:\USERS\44736\APPDATA\LOCAL\TEMP\PS3PPULD131242\LIB.ENT.O
C:\USERS\44736\APPDATA\LOCAL\TEMP\PS3PPULD131242\OBMW2
C:\USERS\44736\APPDATA\LOCAL\TEMP\PS3PPULD132682\LIB.ENT.O
C:\USERS\44736\APPDATA\LOCAL\TEMP\PS3PPULD132682\OBMW2
C:\USERS\44736\APPDATA\LOCAL\TEMP\PS3PPULD132882\LIB.ENT.O
C:\USERS\44736\APPDATA\LOCAL\TEMP\PS3PPULD132882\OBMW2
C:\USERS\44736\APPDATA\LOCAL\TEMP\PS3PPULD132922\LIB.ENT.O
C:\USERS\44736\APPDATA\LOCAL\TEMP\PS3PPULD132922\OBMW2
C:\USERS\44736\APPDATA\LOCAL\TEMP\PS3PPULD133962\LIB.ENT.O
C:\USERS\44736\APPDATA\LOCAL\TEMP\PS3PPULD133962\OBMW2
C:\USERS\44736\APPDATA\LOCAL\TEMP\PS3PPULD134482\LIB.ENT.O
C:\USERS\44736\APPDATA\LOCAL\TEMP\PS3PPULD134482\OBMW2
C:\USERS\44736\APPDATA\LOCAL\TEMP\PS3PPULD13602\LIB.ENT.O
C:\USERS\44736\APPDATA\LOCAL\TEMP\PS3PPULD13602\OBMW2
C:\USERS\44736\APPDATA\LOCAL\TEMP\PS3PPULD138482\LIB.ENT.O
C:\USERS\44736\APPDATA\LOCAL\TEMP\PS3PPULD138482\OBMW2
C:\USERS\44736\APPDATA\LOCAL\TEMP\PS3PPULD138962\LIB.ENT.O
C:\USERS\44736\APPDATA\LOCAL\TEMP\PS3PPULD138962\OBMW2
C:\USERS\44736\APPDATA\LOCAL\TEMP\PS3PPULD139042\LIB.ENT.O
C:\USERS\44736\APPDATA\LOCAL\TEMP\PS3PPULD139042\OBMW2
C:\USERS\44736\APPDATA\LOCAL\TEMP\PS3PPULD140682\LIB.ENT.O
C:\USERS\44736\APPDATA\LOCAL\TEMP\PS3PPULD140682\OBMW2
C:\USERS\44736\APPDATA\LOCAL\TEMP\PS3PPULD140922\LIB.ENT.O
C:\USERS\44736\APPDATA\LOCAL\TEMP\PS3PPULD140922\OBMW2
C:\USERS\44736\APPDATA\LOCAL\TEMP\PS3PPULD14122\LIB.ENT.O
C:\USERS\44736\APPDATA\LOCAL\TEMP\PS3PPULD14122\OBMW2
C:\USERS\44736\APPDATA\LOCAL\TEMP\PS3PPULD142162\LIB.ENT.O
C:\USERS\44736\APPDATA\LOCAL\TEMP\PS3PPULD142162\OBMW2
C:\USERS\44736\APPDATA\LOCAL\TEMP\PS3PPULD142322\LIB.ENT.O
C:\USERS\44736\APPDATA\LOCAL\TEMP\PS3PPULD142322\OBMW2
C:\USERS\44736\APPDATA\LOCAL\TEMP\PS3PPULD142482\LIB.ENT.O
C:\USERS\44736\APPDATA\LOCAL\TEMP\PS3PPULD142482\OBMW2
C:\USERS\44736\APPDATA\LOCAL\TEMP\PS3PPULD143682\LIB.ENT.O
C:\USERS\44736\APPDATA\LOCAL\TEMP\PS3PPULD143682\OBMW2
C:\USERS\44736\APPDATA\LOCAL\TEMP\PS3PPULD144082\LIB.ENT.O
C:\USERS\44736\APPDATA\LOCAL\TEMP\PS3PPULD144082\OBMW2
C:\USERS\44736\APPDATA\LOCAL\TEMP\PS3PPULD144162\LIB.ENT.O
C:\USERS\44736\APPDATA\LOCAL\TEMP\PS3PPULD144162\OBMW2
C:\USERS\44736\APPDATA\LOCAL\TEMP\PS3PPULD144442\LIB.ENT.O
C:\USERS\44736\APPDATA\LOCAL\TEMP\PS3PPULD144442\OBMW2
C:\USERS\44736\APPDATA\LOCAL\TEMP\PS3PPULD145202\LIB.ENT.O
C:\USERS\44736\APPDATA\LOCAL\TEMP\PS3PPULD145202\OBMW2
C:\USERS\44736\APPDATA\LOCAL\TEMP\PS3PPULD145842\LIB.ENT.O
C:\USERS\44736\APPDATA\LOCAL\TEMP\PS3PPULD145842\OBMW2
C:\USERS\44736\APPDATA\LOCAL\TEMP\PS3PPULD146682\LIB.ENT.O
C:\USERS\44736\APPDATA\LOCAL\TEMP\PS3PPULD146682\OBMW2
C:\USERS\44736\APPDATA\LOCAL\TEMP\PS3PPULD147682\LIB.ENT.O
C:\USERS\44736\APPDATA\LOCAL\TEMP\PS3PPULD147682\OBMW2
C:\USERS\44736\APPDATA\LOCAL\TEMP\PS3PPULD148402\LIB.ENT.O
C:\USERS\44736\APPDATA\LOCAL\TEMP\PS3PPULD148402\OBMW2
C:\USERS\44736\APPDATA\LOCAL\TEMP\PS3PPULD151442\LIB.ENT.O
C:\USERS\44736\APPDATA\LOCAL\TEMP\PS3PPULD151442\OBMW2
C:\USERS\44736\APPDATA\LOCAL\TEMP\PS3PPULD151562\LIB.ENT.O
C:\USERS\44736\APPDATA\LOCAL\TEMP\PS3PPULD151562\OBMW2
C:\USERS\44736\APPDATA\LOCAL\TEMP\PS3PPULD151722\LIB.ENT.O
C:\USERS\44736\APPDATA\LOCAL\TEMP\PS3PPULD151722\OBMW2
C:\USERS\44736\APPDATA\LOCAL\TEMP\PS3PPULD152322\LIB.ENT.O
C:\USERS\44736\APPDATA\LOCAL\TEMP\PS3PPULD152322\OBMW2
C:\USERS\44736\APPDATA\LOCAL\TEMP\PS3PPULD152602\LIB.ENT.O
C:\USERS\44736\APPDATA\LOCAL\TEMP\PS3PPULD152602\OBMW2
C:\USERS\44736\APPDATA\LOCAL\TEMP\PS3PPULD153122\LIB.ENT.O
C:\USERS\44736\APPDATA\LOCAL\TEMP\PS3PPULD153122\OBMW2
C:\USERS\44736\APPDATA\LOCAL\TEMP\PS3PPULD153442\LIB.ENT.O
C:\USERS\44736\APPDATA\LOCAL\TEMP\PS3PPULD153442\OBMW2
C:\USERS\44736\APPDATA\LOCAL\TEMP\PS3PPULD1562\LIB.ENT.O
C:\USERS\44736\APPDATA\LOCAL\TEMP\PS3PPULD1562\OBMW2
C:\USERS\44736\APPDATA\LOCAL\TEMP\PS3PPULD158002\LIB.ENT.O
C:\USERS\44736\APPDATA\LOCAL\TEMP\PS3PPULD158002\OBMW2
C:\USERS\44736\APPDATA\LOCAL\TEMP\PS3PPULD160282\LIB.ENT.O
C:\USERS\44736\APPDATA\LOCAL\TEMP\PS3PPULD160282\OBMW2
C:\USERS\44736\APPDATA\LOCAL\TEMP\PS3PPULD161802\LIB.ENT.O
C:\USERS\44736\APPDATA\LOCAL\TEMP\PS3PPULD161802\OBMW2
C:\USERS\44736\APPDATA\LOCAL\TEMP\PS3PPULD163562\LIB.ENT.O
C:\USERS\44736\APPDATA\LOCAL\TEMP\PS3PPULD163562\OBMW2
C:\USERS\44736\APPDATA\LOCAL\TEMP\PS3PPULD166842\LIB.ENT.O
C:\USERS\44736\APPDATA\LOCAL\TEMP\PS3PPULD166842\OBMW2
C:\USERS\44736\APPDATA\LOCAL\TEMP\PS3PPULD169402\LIB.ENT.O
C:\USERS\44736\APPDATA\LOCAL\TEMP\PS3PPULD169402\OBMW2
C:\USERS\44736\APPDATA\LOCAL\TEMP\PS3PPULD1722\LIB.ENT.O
C:\USERS\44736\APPDATA\LOCAL\TEMP\PS3PPULD1722\OBMW2
C:\USERS\44736\APPDATA\LOCAL\TEMP\PS3PPULD173362\LIB.ENT.O
C:\USERS\44736\APPDATA\LOCAL\TEMP\PS3PPULD173362\OBMW2
C:\USERS\44736\APPDATA\LOCAL\TEMP\PS3PPULD174682\LIB.ENT.O
C:\USERS\44736\APPDATA\LOCAL\TEMP\PS3PPULD174682\OBMW2
C:\USERS\44736\APPDATA\LOCAL\TEMP\PS3PPULD176162\LIB.ENT.O
C:\USERS\44736\APPDATA\LOCAL\TEMP\PS3PPULD176162\OBMW2
C:\USERS\44736\APPDATA\LOCAL\TEMP\PS3PPULD176722\LIB.ENT.O
C:\USERS\44736\APPDATA\LOCAL\TEMP\PS3PPULD176722\OBMW2
C:\USERS\44736\APPDATA\LOCAL\TEMP\PS3PPULD180802\LIB.ENT.O
C:\USERS\44736\APPDATA\LOCAL\TEMP\PS3PPULD180802\OBMW2
C:\USERS\44736\APPDATA\LOCAL\TEMP\PS3PPULD18482\LIB.ENT.O
C:\USERS\44736\APPDATA\LOCAL\TEMP\PS3PPULD18482\OBMW2
C:\USERS\44736\APPDATA\LOCAL\TEMP\PS3PPULD186922\LIB.ENT.O
C:\USERS\44736\APPDATA\LOCAL\TEMP\PS3PPULD186922\OBMW2
C:\USERS\44736\APPDATA\LOCAL\TEMP\PS3PPULD189162\LIB.ENT.O
C:\USERS\44736\APPDATA\LOCAL\TEMP\PS3PPULD189162\OBMW2
C:\USERS\44736\APPDATA\LOCAL\TEMP\PS3PPULD189762\LIB.ENT.O
C:\USERS\44736\APPDATA\LOCAL\TEMP\PS3PPULD189762\OBMW2
C:\USERS\44736\APPDATA\LOCAL\TEMP\PS3PPULD190922\LIB.ENT.O
C:\USERS\44736\APPDATA\LOCAL\TEMP\PS3PPULD190922\OBMW2
C:\USERS\44736\APPDATA\LOCAL\TEMP\PS3PPULD19562\LIB.ENT.O
C:\USERS\44736\APPDATA\LOCAL\TEMP\PS3PPULD19562\OBMW2
C:\USERS\44736\APPDATA\LOCAL\TEMP\PS3PPULD21802\LIB.ENT.O
C:\USERS\44736\APPDATA\LOCAL\TEMP\PS3PPULD21802\OBMW2
C:\USERS\44736\APPDATA\LOCAL\TEMP\PS3PPULD22042\LIB.ENT.O
C:\USERS\44736\APPDATA\LOCAL\TEMP\PS3PPULD22042\OBMW2
C:\USERS\44736\APPDATA\LOCAL\TEMP\PS3PPULD22202\LIB.ENT.O
C:\USERS\44736\APPDATA\LOCAL\TEMP\PS3PPULD22202\OBMW2
C:\USERS\44736\APPDATA\LOCAL\TEMP\PS3PPULD22442\LIB.ENT.O
C:\USERS\44736\APPDATA\LOCAL\TEMP\PS3PPULD22442\OBMW2
C:\USERS\44736\APPDATA\LOCAL\TEMP\PS3PPULD24762\LIB.ENT.O
C:\USERS\44736\APPDATA\LOCAL\TEMP\PS3PPULD24762\OBMW2
C:\USERS\44736\APPDATA\LOCAL\TEMP\PS3PPULD25322\LIB.ENT.O
C:\USERS\44736\APPDATA\LOCAL\TEMP\PS3PPULD25322\OBMW2
C:\USERS\44736\APPDATA\LOCAL\TEMP\PS3PPULD26442\LIB.ENT.O
C:\USERS\44736\APPDATA\LOCAL\TEMP\PS3PPULD26442\OBMW2
C:\USERS\44736\APPDATA\LOCAL\TEMP\PS3PPULD27522\LIB.ENT.O
C:\USERS\44736\APPDATA\LOCAL\TEMP\PS3PPULD27522\OBMW2
C:\USERS\44736\APPDATA\LOCAL\TEMP\PS3PPULD29242\LIB.ENT.O
C:\USERS\44736\APPDATA\LOCAL\TEMP\PS3PPULD29242\OBMW2
C:\USERS\44736\APPDATA\LOCAL\TEMP\PS3PPULD30522\LIB.ENT.O
C:\USERS\44736\APPDATA\LOCAL\TEMP\PS3PPULD30522\OBMW2
C:\USERS\44736\APPDATA\LOCAL\TEMP\PS3PPULD30802\LIB.ENT.O
C:\USERS\44736\APPDATA\LOCAL\TEMP\PS3PPULD30802\OBMW2
C:\USERS\44736\APPDATA\LOCAL\TEMP\PS3PPULD32922\LIB.ENT.O
C:\USERS\44736\APPDATA\LOCAL\TEMP\PS3PPULD32922\LIB.ENT.S
C:\USERS\44736\APPDATA\LOCAL\TEMP\PS3PPULD32922\OBMW2
C:\USERS\44736\APPDATA\LOCAL\TEMP\PS3PPULD37202\LIB.ENT.O
C:\USERS\44736\APPDATA\LOCAL\TEMP\PS3PPULD37202\OBMW2
C:\USERS\44736\APPDATA\LOCAL\TEMP\PS3PPULD37962\LIB.ENT.O
C:\USERS\44736\APPDATA\LOCAL\TEMP\PS3PPULD37962\OBMW2
C:\USERS\44736\APPDATA\LOCAL\TEMP\PS3PPULD44522\LIB.ENT.O
C:\USERS\44736\APPDATA\LOCAL\TEMP\PS3PPULD44522\OBMW2
C:\USERS\44736\APPDATA\LOCAL\TEMP\PS3PPULD45242\LIB.ENT.O
C:\USERS\44736\APPDATA\LOCAL\TEMP\PS3PPULD45242\OBMW2
C:\USERS\44736\APPDATA\LOCAL\TEMP\PS3PPULD46562\LIB.ENT.O
C:\USERS\44736\APPDATA\LOCAL\TEMP\PS3PPULD46562\OBMW2
C:\USERS\44736\APPDATA\LOCAL\TEMP\PS3PPULD4842\LIB.ENT.O
C:\USERS\44736\APPDATA\LOCAL\TEMP\PS3PPULD4842\OBMW2
C:\USERS\44736\APPDATA\LOCAL\TEMP\PS3PPULD50042\LIB.ENT.O
C:\USERS\44736\APPDATA\LOCAL\TEMP\PS3PPULD50042\OBMW2
C:\USERS\44736\APPDATA\LOCAL\TEMP\PS3PPULD51642\LIB.ENT.O
C:\USERS\44736\APPDATA\LOCAL\TEMP\PS3PPULD51642\OBMW2
C:\USERS\44736\APPDATA\LOCAL\TEMP\PS3PPULD52322\LIB.ENT.O
C:\USERS\44736\APPDATA\LOCAL\TEMP\PS3PPULD52322\OBMW2
C:\USERS\44736\APPDATA\LOCAL\TEMP\PS3PPULD52642\LIB.ENT.O
C:\USERS\44736\APPDATA\LOCAL\TEMP\PS3PPULD52642\OBMW2
C:\USERS\44736\APPDATA\LOCAL\TEMP\PS3PPULD54002\LIB.ENT.O
C:\USERS\44736\APPDATA\LOCAL\TEMP\PS3PPULD54002\OBMW2
C:\USERS\44736\APPDATA\LOCAL\TEMP\PS3PPULD55642\LIB.ENT.O
C:\USERS\44736\APPDATA\LOCAL\TEMP\PS3PPULD55642\OBMW2
C:\USERS\44736\APPDATA\LOCAL\TEMP\PS3PPULD57002\LIB.ENT.O
C:\USERS\44736\APPDATA\LOCAL\TEMP\PS3PPULD57002\OBMW2
C:\USERS\44736\APPDATA\LOCAL\TEMP\PS3PPULD57642\LIB.ENT.O
C:\USERS\44736\APPDATA\LOCAL\TEMP\PS3PPULD57642\OBMW2
C:\USERS\44736\APPDATA\LOCAL\TEMP\PS3PPULD57922\LIB.ENT.O
C:\USERS\44736\APPDATA\LOCAL\TEMP\PS3PPULD57922\OBMW2
C:\USERS\44736\APPDATA\LOCAL\TEMP\PS3PPULD58242\LIB.ENT.O
C:\USERS\44736\APPDATA\LOCAL\TEMP\PS3PPULD58242\OBMW2
C:\USERS\44736\APPDATA\LOCAL\TEMP\PS3PPULD59522\LIB.ENT.O
C:\USERS\44736\APPDATA\LOCAL\TEMP\PS3PPULD59522\OBMW2
C:\USERS\44736\APPDATA\LOCAL\TEMP\PS3PPULD59642\LIB.ENT.O
C:\USERS\44736\APPDATA\LOCAL\TEMP\PS3PPULD59642\OBMW2
C:\USERS\44736\APPDATA\LOCAL\TEMP\PS3PPULD60082\LIB.ENT.O
C:\USERS\44736\APPDATA\LOCAL\TEMP\PS3PPULD60082\OBMW2
C:\USERS\44736\APPDATA\LOCAL\TEMP\PS3PPULD62122\LIB.ENT.O
C:\USERS\44736\APPDATA\LOCAL\TEMP\PS3PPULD62122\OBMW2
C:\USERS\44736\APPDATA\LOCAL\TEMP\PS3PPULD63562\LIB.ENT.O
C:\USERS\44736\APPDATA\LOCAL\TEMP\PS3PPULD63562\OBMW2
C:\USERS\44736\APPDATA\LOCAL\TEMP\PS3PPULD63762\LIB.ENT.O
C:\USERS\44736\APPDATA\LOCAL\TEMP\PS3PPULD63762\OBMW2
C:\USERS\44736\APPDATA\LOCAL\TEMP\PS3PPULD64122\LIB.ENT.O
C:\USERS\44736\APPDATA\LOCAL\TEMP\PS3PPULD64122\OBMW2
C:\USERS\44736\APPDATA\LOCAL\TEMP\PS3PPULD66482\LIB.ENT.O
C:\USERS\44736\APPDATA\LOCAL\TEMP\PS3PPULD66482\LIB.ENT.S
C:\USERS\44736\APPDATA\LOCAL\TEMP\PS3PPULD66482\OBMW2
C:\USERS\44736\APPDATA\LOCAL\TEMP\PS3PPULD66922\LIB.ENT.O
C:\USERS\44736\APPDATA\LOCAL\TEMP\PS3PPULD66922\OBMW2
C:\USERS\44736\APPDATA\LOCAL\TEMP\PS3PPULD68602\LIB.ENT.O
C:\USERS\44736\APPDATA\LOCAL\TEMP\PS3PPULD68602\OBMW2
C:\USERS\44736\APPDATA\LOCAL\TEMP\PS3PPULD71122\LIB.ENT.O
C:\USERS\44736\APPDATA\LOCAL\TEMP\PS3PPULD71122\OBMW2
C:\USERS\44736\APPDATA\LOCAL\TEMP\PS3PPULD71802\LIB.ENT.O
C:\USERS\44736\APPDATA\LOCAL\TEMP\PS3PPULD71802\OBMW2
C:\USERS\44736\APPDATA\LOCAL\TEMP\PS3PPULD74162\LIB.ENT.O
C:\USERS\44736\APPDATA\LOCAL\TEMP\PS3PPULD74162\OBMW2
C:\USERS\44736\APPDATA\LOCAL\TEMP\PS3PPULD75642\LIB.ENT.O
C:\USERS\44736\APPDATA\LOCAL\TEMP\PS3PPULD75642\OBMW2
C:\USERS\44736\APPDATA\LOCAL\TEMP\PS3PPULD76362\LIB.ENT.O
C:\USERS\44736\APPDATA\LOCAL\TEMP\PS3PPULD76362\OBMW2
C:\USERS\44736\APPDATA\LOCAL\TEMP\PS3PPULD76602\LIB.ENT.O
C:\USERS\44736\APPDATA\LOCAL\TEMP\PS3PPULD76602\OBMW2
C:\USERS\44736\APPDATA\LOCAL\TEMP\PS3PPULD77202\LIB.ENT.O
C:\USERS\44736\APPDATA\LOCAL\TEMP\PS3PPULD77202\OBMW2
C:\USERS\44736\APPDATA\LOCAL\TEMP\PS3PPULD77682\LIB.ENT.O
C:\USERS\44736\APPDATA\LOCAL\TEMP\PS3PPULD77682\OBMW2
C:\USERS\44736\APPDATA\LOCAL\TEMP\PS3PPULD78962\LIB.ENT.O
C:\USERS\44736\APPDATA\LOCAL\TEMP\PS3PPULD78962\OBMW2
C:\USERS\44736\APPDATA\LOCAL\TEMP\PS3PPULD79162\LIB.ENT.O
C:\USERS\44736\APPDATA\LOCAL\TEMP\PS3PPULD79162\OBMW2
C:\USERS\44736\APPDATA\LOCAL\TEMP\PS3PPULD80122\LIB.ENT.O
C:\USERS\44736\APPDATA\LOCAL\TEMP\PS3PPULD80122\OBMW2
C:\USERS\44736\APPDATA\LOCAL\TEMP\PS3PPULD80842\LIB.ENT.O
C:\USERS\44736\APPDATA\LOCAL\TEMP\PS3PPULD80842\OBMW2
C:\USERS\44736\APPDATA\LOCAL\TEMP\PS3PPULD81362\LIB.ENT.O
C:\USERS\44736\APPDATA\LOCAL\TEMP\PS3PPULD81362\OBMW2
C:\USERS\44736\APPDATA\LOCAL\TEMP\PS3PPULD8162\LIB.ENT.O
C:\USERS\44736\APPDATA\LOCAL\TEMP\PS3PPULD8162\OBMW2
C:\USERS\44736\APPDATA\LOCAL\TEMP\PS3PPULD83082\LIB.ENT.O
C:\USERS\44736\APPDATA\LOCAL\TEMP\PS3PPULD83082\OBMW2
C:\USERS\44736\APPDATA\LOCAL\TEMP\PS3PPULD83522\LIB.ENT.O
C:\USERS\44736\APPDATA\LOCAL\TEMP\PS3PPULD83522\OBMW2
C:\USERS\44736\APPDATA\LOCAL\TEMP\PS3PPULD83842\LIB.ENT.O
C:\USERS\44736\APPDATA\LOCAL\TEMP\PS3PPULD83842\OBMW2
C:\USERS\44736\APPDATA\LOCAL\TEMP\PS3PPULD85802\LIB.ENT.O
C:\USERS\44736\APPDATA\LOCAL\TEMP\PS3PPULD85802\OBMW2
C:\USERS\44736\APPDATA\LOCAL\TEMP\PS3PPULD85922\LIB.ENT.O
C:\USERS\44736\APPDATA\LOCAL\TEMP\PS3PPULD85922\OBMW2
C:\USERS\44736\APPDATA\LOCAL\TEMP\PS3PPULD86642\LIB.ENT.O
C:\USERS\44736\APPDATA\LOCAL\TEMP\PS3PPULD86642\OBMW2
C:\USERS\44736\APPDATA\LOCAL\TEMP\PS3PPULD87802\LIB.ENT.O
C:\USERS\44736\APPDATA\LOCAL\TEMP\PS3PPULD87802\OBMW2
C:\USERS\44736\APPDATA\LOCAL\TEMP\PS3PPULD88762\LIB.ENT.O
C:\USERS\44736\APPDATA\LOCAL\TEMP\PS3PPULD88762\OBMW2
C:\USERS\44736\APPDATA\LOCAL\TEMP\PS3PPULD89202\LIB.ENT.O
C:\USERS\44736\APPDATA\LOCAL\TEMP\PS3PPULD89202\OBMW2
C:\USERS\44736\APPDATA\LOCAL\TEMP\PS3PPULD89882\LIB.ENT.O
C:\USERS\44736\APPDATA\LOCAL\TEMP\PS3PPULD89882\OBMW2
C:\USERS\44736\APPDATA\LOCAL\TEMP\PS3PPULD90682\LIB.ENT.O
C:\USERS\44736\APPDATA\LOCAL\TEMP\PS3PPULD90682\OBMW2
C:\USERS\44736\APPDATA\LOCAL\TEMP\PS3PPULD91242\LIB.ENT.O
C:\USERS\44736\APPDATA\LOCAL\TEMP\PS3PPULD91242\OBMW2
C:\USERS\44736\APPDATA\LOCAL\TEMP\PS3PPULD91922\LIB.ENT.O
C:\USERS\44736\APPDATA\LOCAL\TEMP\PS3PPULD91922\OBMW2
C:\USERS\44736\APPDATA\LOCAL\TEMP\PS3PPULD92122\LIB.ENT.O
C:\USERS\44736\APPDATA\LOCAL\TEMP\PS3PPULD92122\OBMW2
C:\USERS\44736\APPDATA\LOCAL\TEMP\PS3PPULD92442\LIB.ENT.O
C:\USERS\44736\APPDATA\LOCAL\TEMP\PS3PPULD92442\OBMW2
C:\USERS\44736\APPDATA\LOCAL\TEMP\PS3PPULD93122\LIB.ENT.O
C:\USERS\44736\APPDATA\LOCAL\TEMP\PS3PPULD93122\OBMW2
C:\USERS\44736\APPDATA\LOCAL\TEMP\PS3PPULD93282\LIB.ENT.O
C:\USERS\44736\APPDATA\LOCAL\TEMP\PS3PPULD93282\OBMW2
C:\USERS\44736\APPDATA\LOCAL\TEMP\PS3PPULD93602\LIB.ENT.O
C:\USERS\44736\APPDATA\LOCAL\TEMP\PS3PPULD93602\OBMW2
C:\USERS\44736\APPDATA\LOCAL\TEMP\PS3PPULD93722\LIB.ENT.O
C:\USERS\44736\APPDATA\LOCAL\TEMP\PS3PPULD93722\OBMW2
C:\USERS\44736\APPDATA\LOCAL\TEMP\PS3PPULD95322\LIB.ENT.O
C:\USERS\44736\APPDATA\LOCAL\TEMP\PS3PPULD95322\OBMW2
C:\USERS\44736\APPDATA\LOCAL\TEMP\PS3PPULD95842\LIB.ENT.O
C:\USERS\44736\APPDATA\LOCAL\TEMP\PS3PPULD95842\OBMW2
C:\USERS\44736\APPDATA\LOCAL\TEMP\PS3PPULD97882\LIB.ENT.O
C:\USERS\44736\APPDATA\LOCAL\TEMP\PS3PPULD97882\OBMW2
C:\USERS\44736\APPDATA\LOCAL\TEMP\PS3PPULD98002\LIB.ENT.O
C:\USERS\44736\APPDATA\LOCAL\TEMP\PS3PPULD98002\OBMW2
C:\USERS\44736\APPDATA\LOCAL\TEMP\PS3PPULD98642\LIB.ENT.O
C:\USERS\44736\APPDATA\LOCAL\TEMP\PS3PPULD98642\OBMW2
C:\USERS\44736\APPDATA\LOCAL\TEMP\PS3PPULD99202\LIB.ENT.O
C:\USERS\44736\APPDATA\LOCAL\TEMP\PS3PPULD99202\OBMW2
C:\USERS\44736\APPDATA\LOCAL\TEMP\PS3PPULD99642\LIB.ENT.O
C:\USERS\44736\APPDATA\LOCAL\TEMP\PS3PPULD99642\OBMW2
C:\USERS\44736\APPDATA\LOCAL\TEMP\PS3PPULD99962\LIB.ENT.O
C:\USERS\44736\APPDATA\LOCAL\TEMP\PS3PPULD99962\OBMW2
C:\USERS\44736\DESKTOP\MW2\SPRX BASES BY WIZIMODZ !\SPRX BASES BY WIZIMODZ !\WHITEWATER BASE\OBSIDIAN - COPY\OBMW2\OBMW2\CELLPRX_OBMW2_STUB.A
C:\Users\44736\Desktop\MW2\Sprx Bases By Wizimodz !\Sprx Bases by Wizimodz !\WhiteWater Base\Obsidian - Copy\OBMW2\OBMW2\PS3_Debug\OBMW2.write.1.tlog
C:\USERS\44736\DESKTOP\MW2\SPRX BASES BY WIZIMODZ !\SPRX BASES BY WIZIMODZ !\WHITEWATER BASE\OBSIDIAN - COPY\OBMW2\OBMW2\PS3_DEBUG\PRINTF.O
C:\USERS\44736\DESKTOP\MW2\SPRX BASES BY WIZIMODZ !\SPRX BASES BY WIZIMODZ !\WHITEWATER BASE\OBSIDIAN - COPY\OBMW2\OBMW2\PS3_DEBUG\PRX.O
C:\Users\44736\Desktop\MW2\Sprx Bases By Wizimodz !\Sprx Bases by Wizimodz !\WhiteWater Base\Obsidian - Copy\OBMW2\OBMW2\PS3_Debug\ps3ppuld32.10548.read.1.tlog
C:\Users\44736\Desktop\MW2\Sprx Bases By Wizimodz !\Sprx Bases by Wizimodz !\WhiteWater Base\Obsidian - Copy\OBMW2\OBMW2\PS3_Debug\ps3ppuld32.10548.write.1.tlog
C:\Users\44736\Desktop\MW2\Sprx Bases By Wizimodz !\Sprx Bases by Wizimodz !\WhiteWater Base\Obsidian - Copy\OBMW2\OBMW2\PS3_Debug\ps3ppuld32.10552.read.1.tlog
C:\Users\44736\Desktop\MW2\Sprx Bases By Wizimodz !\Sprx Bases by Wizimodz !\WhiteWater Base\Obsidian - Copy\OBMW2\OBMW2\PS3_Debug\ps3ppuld32.10552.write.1.tlog
C:\Users\44736\Desktop\MW2\Sprx Bases By Wizimodz !\Sprx Bases by Wizimodz !\WhiteWater Base\Obsidian - Copy\OBMW2\OBMW2\PS3_Debug\ps3ppuld32.10732.read.1.tlog
C:\Users\44736\Desktop\MW2\Sprx Bases By Wizimodz !\Sprx Bases by Wizimodz !\WhiteWater Base\Obsidian - Copy\OBMW2\OBMW2\PS3_Debug\ps3ppuld32.10732.write.1.tlog
C:\Users\44736\Desktop\MW2\Sprx Bases By Wizimodz !\Sprx Bases by Wizimodz !\WhiteWater Base\Obsidian - Copy\OBMW2\OBMW2\PS3_Debug\ps3ppuld32.10804.read.1.tlog
C:\Users\44736\Desktop\MW2\Sprx Bases By Wizimodz !\Sprx Bases by Wizimodz !\WhiteWater Base\Obsidian - Copy\OBMW2\OBMW2\PS3_Debug\ps3ppuld32.10804.write.1.tlog
C:\Users\44736\Desktop\MW2\Sprx Bases By Wizimodz !\Sprx Bases by Wizimodz !\WhiteWater Base\Obsidian - Copy\OBMW2\OBMW2\PS3_Debug\ps3ppuld32.10932.read.1.tlog
C:\Users\44736\Desktop\MW2\Sprx Bases By Wizimodz !\Sprx Bases by Wizimodz !\WhiteWater Base\Obsidian - Copy\OBMW2\OBMW2\PS3_Debug\ps3ppuld32.10932.write.1.tlog
C:\Users\44736\Desktop\MW2\Sprx Bases By Wizimodz !\Sprx Bases by Wizimodz !\WhiteWater Base\Obsidian - Copy\OBMW2\OBMW2\PS3_Debug\ps3ppuld32.10980.read.1.tlog
C:\Users\44736\Desktop\MW2\Sprx Bases By Wizimodz !\Sprx Bases by Wizimodz !\WhiteWater Base\Obsidian - Copy\OBMW2\OBMW2\PS3_Debug\ps3ppuld32.10980.write.1.tlog
C:\Users\44736\Desktop\MW2\Sprx Bases By Wizimodz !\Sprx Bases by Wizimodz !\WhiteWater Base\Obsidian - Copy\OBMW2\OBMW2\PS3_Debug\ps3ppuld32.11260.read.1.tlog
C:\Users\44736\Desktop\MW2\Sprx Bases By Wizimodz !\Sprx Bases by Wizimodz !\WhiteWater Base\Obsidian - Copy\OBMW2\OBMW2\PS3_Debug\ps3ppuld32.11260.write.1.tlog
C:\Users\44736\Desktop\MW2\Sprx Bases By Wizimodz !\Sprx Bases by Wizimodz !\WhiteWater Base\Obsidian - Copy\OBMW2\OBMW2\PS3_Debug\ps3ppuld32.11292.read.1.tlog
C:\Users\44736\Desktop\MW2\Sprx Bases By Wizimodz !\Sprx Bases by Wizimodz !\WhiteWater Base\Obsidian - Copy\OBMW2\OBMW2\PS3_Debug\ps3ppuld32.11292.write.1.tlog
C:\Users\44736\Desktop\MW2\Sprx Bases By Wizimodz !\Sprx Bases by Wizimodz !\WhiteWater Base\Obsidian - Copy\OBMW2\OBMW2\PS3_Debug\ps3ppuld32.11300.read.1.tlog
C:\Users\44736\Desktop\MW2\Sprx Bases By Wizimodz !\Sprx Bases by Wizimodz !\WhiteWater Base\Obsidian - Copy\OBMW2\OBMW2\PS3_Debug\ps3ppuld32.11300.write.1.tlog
C:\Users\44736\Desktop\MW2\Sprx Bases By Wizimodz !\Sprx Bases by Wizimodz !\WhiteWater Base\Obsidian - Copy\OBMW2\OBMW2\PS3_Debug\ps3ppuld32.11328.read.1.tlog
C:\Users\44736\Desktop\MW2\Sprx Bases By Wizimodz !\Sprx Bases by Wizimodz !\WhiteWater Base\Obsidian - Copy\OBMW2\OBMW2\PS3_Debug\ps3ppuld32.11328.write.1.tlog
C:\Users\44736\Desktop\MW2\Sprx Bases By Wizimodz !\Sprx Bases by Wizimodz !\WhiteWater Base\Obsidian - Copy\OBMW2\OBMW2\PS3_Debug\ps3ppuld32.11368.read.1.tlog
C:\Users\44736\Desktop\MW2\Sprx Bases By Wizimodz !\Sprx Bases by Wizimodz !\WhiteWater Base\Obsidian - Copy\OBMW2\OBMW2\PS3_Debug\ps3ppuld32.11368.write.1.tlog
C:\Users\44736\Desktop\MW2\Sprx Bases By Wizimodz !\Sprx Bases by Wizimodz !\WhiteWater Base\Obsidian - Copy\OBMW2\OBMW2\PS3_Debug\ps3ppuld32.11388.read.1.tlog
C:\Users\44736\Desktop\MW2\Sprx Bases By Wizimodz !\Sprx Bases by Wizimodz !\WhiteWater Base\Obsidian - Copy\OBMW2\OBMW2\PS3_Debug\ps3ppuld32.11388.write.1.tlog
C:\Users\44736\Desktop\MW2\Sprx Bases By Wizimodz !\Sprx Bases by Wizimodz !\WhiteWater Base\Obsidian - Copy\OBMW2\OBMW2\PS3_Debug\ps3ppuld32.11456.read.1.tlog
C:\Users\44736\Desktop\MW2\Sprx Bases By Wizimodz !\Sprx Bases by Wizimodz !\WhiteWater Base\Obsidian - Copy\OBMW2\OBMW2\PS3_Debug\ps3ppuld32.11456.write.1.tlog
C:\Users\44736\Desktop\MW2\Sprx Bases By Wizimodz !\Sprx Bases by Wizimodz !\WhiteWater Base\Obsidian - Copy\OBMW2\OBMW2\PS3_Debug\ps3ppuld32.11788.read.1.tlog
C:\Users\44736\Desktop\MW2\Sprx Bases By Wizimodz !\Sprx Bases by Wizimodz !\WhiteWater Base\Obsidian - Copy\OBMW2\OBMW2\PS3_Debug\ps3ppuld32.11788.write.1.tlog
C:\Users\44736\Desktop\MW2\Sprx Bases By Wizimodz !\Sprx Bases by Wizimodz !\WhiteWater Base\Obsidian - Copy\OBMW2\OBMW2\PS3_Debug\ps3ppuld32.11864.read.1.tlog
C:\Users\44736\Desktop\MW2\Sprx Bases By Wizimodz !\Sprx Bases by Wizimodz !\WhiteWater Base\Obsidian - Copy\OBMW2\OBMW2\PS3_Debug\ps3ppuld32.11864.write.1.tlog
C:\Users\44736\Desktop\MW2\Sprx Bases By Wizimodz !\Sprx Bases by Wizimodz !\WhiteWater Base\Obsidian - Copy\OBMW2\OBMW2\PS3_Debug\ps3ppuld32.11880.read.1.tlog
C:\Users\44736\Desktop\MW2\Sprx Bases By Wizimodz !\Sprx Bases by Wizimodz !\WhiteWater Base\Obsidian - Copy\OBMW2\OBMW2\PS3_Debug\ps3ppuld32.11880.write.1.tlog
C:\Users\44736\Desktop\MW2\Sprx Bases By Wizimodz !\Sprx Bases by Wizimodz !\WhiteWater Base\Obsidian - Copy\OBMW2\OBMW2\PS3_Debug\ps3ppuld32.11924.read.1.tlog
C:\Users\44736\Desktop\MW2\Sprx Bases By Wizimodz !\Sprx Bases by Wizimodz !\WhiteWater Base\Obsidian - Copy\OBMW2\OBMW2\PS3_Debug\ps3ppuld32.11924.write.1.tlog
C:\Users\44736\Desktop\MW2\Sprx Bases By Wizimodz !\Sprx Bases by Wizimodz !\WhiteWater Base\Obsidian - Copy\OBMW2\OBMW2\PS3_Debug\ps3ppuld32.12060.read.1.tlog
C:\Users\44736\Desktop\MW2\Sprx Bases By Wizimodz !\Sprx Bases by Wizimodz !\WhiteWater Base\Obsidian - Copy\OBMW2\OBMW2\PS3_Debug\ps3ppuld32.12060.write.1.tlog
C:\Users\44736\Desktop\MW2\Sprx Bases By Wizimodz !\Sprx Bases by Wizimodz !\WhiteWater Base\Obsidian - Copy\OBMW2\OBMW2\PS3_Debug\ps3ppuld32.12188.read.1.tlog
C:\Users\44736\Desktop\MW2\Sprx Bases By Wizimodz !\Sprx Bases by Wizimodz !\WhiteWater Base\Obsidian - Copy\OBMW2\OBMW2\PS3_Debug\ps3ppuld32.12188.write.1.tlog
C:\Users\44736\Desktop\MW2\Sprx Bases By Wizimodz !\Sprx Bases by Wizimodz !\WhiteWater Base\Obsidian - Copy\OBMW2\OBMW2\PS3_Debug\ps3ppuld32.12200.read.1.tlog
C:\Users\44736\Desktop\MW2\Sprx Bases By Wizimodz !\Sprx Bases by Wizimodz !\WhiteWater Base\Obsidian - Copy\OBMW2\OBMW2\PS3_Debug\ps3ppuld32.12200.write.1.tlog
C:\Users\44736\Desktop\MW2\Sprx Bases By Wizimodz !\Sprx Bases by Wizimodz !\WhiteWater Base\Obsidian - Copy\OBMW2\OBMW2\PS3_Debug\ps3ppuld32.12308.read.1.tlog
C:\Users\44736\Desktop\MW2\Sprx Bases By Wizimodz !\Sprx Bases by Wizimodz !\WhiteWater Base\Obsidian - Copy\OBMW2\OBMW2\PS3_Debug\ps3ppuld32.12308.write.1.tlog
C:\Users\44736\Desktop\MW2\Sprx Bases By Wizimodz !\Sprx Bases by Wizimodz !\WhiteWater Base\Obsidian - Copy\OBMW2\OBMW2\PS3_Debug\ps3ppuld32.12340.read.1.tlog
C:\Users\44736\Desktop\MW2\Sprx Bases By Wizimodz !\Sprx Bases by Wizimodz !\WhiteWater Base\Obsidian - Copy\OBMW2\OBMW2\PS3_Debug\ps3ppuld32.12340.write.1.tlog
C:\Users\44736\Desktop\MW2\Sprx Bases By Wizimodz !\Sprx Bases by Wizimodz !\WhiteWater Base\Obsidian - Copy\OBMW2\OBMW2\PS3_Debug\ps3ppuld32.12368.read.1.tlog
C:\Users\44736\Desktop\MW2\Sprx Bases By Wizimodz !\Sprx Bases by Wizimodz !\WhiteWater Base\Obsidian - Copy\OBMW2\OBMW2\PS3_Debug\ps3ppuld32.12368.write.1.tlog
C:\Users\44736\Desktop\MW2\Sprx Bases By Wizimodz !\Sprx Bases by Wizimodz !\WhiteWater Base\Obsidian - Copy\OBMW2\OBMW2\PS3_Debug\ps3ppuld32.12372.read.1.tlog
C:\Users\44736\Desktop\MW2\Sprx Bases By Wizimodz !\Sprx Bases by Wizimodz !\WhiteWater Base\Obsidian - Copy\OBMW2\OBMW2\PS3_Debug\ps3ppuld32.12372.write.1.tlog
C:\Users\44736\Desktop\MW2\Sprx Bases By Wizimodz !\Sprx Bases by Wizimodz !\WhiteWater Base\Obsidian - Copy\OBMW2\OBMW2\PS3_Debug\ps3ppuld32.1240.read.1.tlog
C:\Users\44736\Desktop\MW2\Sprx Bases By Wizimodz !\Sprx Bases by Wizimodz !\WhiteWater Base\Obsidian - Copy\OBMW2\OBMW2\PS3_Debug\ps3ppuld32.1240.write.1.tlog
C:\Users\44736\Desktop\MW2\Sprx Bases By Wizimodz !\Sprx Bases by Wizimodz !\WhiteWater Base\Obsidian - Copy\OBMW2\OBMW2\PS3_Debug\ps3ppuld32.12412.read.1.tlog
C:\Users\44736\Desktop\MW2\Sprx Bases By Wizimodz !\Sprx Bases by Wizimodz !\WhiteWater Base\Obsidian - Copy\OBMW2\OBMW2\PS3_Debug\ps3ppuld32.12412.write.1.tlog
C:\Users\44736\Desktop\MW2\Sprx Bases By Wizimodz !\Sprx Bases by Wizimodz !\WhiteWater Base\Obsidian - Copy\OBMW2\OBMW2\PS3_Debug\ps3ppuld32.12568.read.1.tlog
C:\Users\44736\Desktop\MW2\Sprx Bases By Wizimodz !\Sprx Bases by Wizimodz !\WhiteWater Base\Obsidian - Copy\OBMW2\OBMW2\PS3_Debug\ps3ppuld32.12568.write.1.tlog
C:\Users\44736\Desktop\MW2\Sprx Bases By Wizimodz !\Sprx Bases by Wizimodz !\WhiteWater Base\Obsidian - Copy\OBMW2\OBMW2\PS3_Debug\ps3ppuld32.12572.read.1.tlog
C:\Users\44736\Desktop\MW2\Sprx Bases By Wizimodz !\Sprx Bases by Wizimodz !\WhiteWater Base\Obsidian - Copy\OBMW2\OBMW2\PS3_Debug\ps3ppuld32.12572.write.1.tlog
C:\Users\44736\Desktop\MW2\Sprx Bases By Wizimodz !\Sprx Bases by Wizimodz !\WhiteWater Base\Obsidian - Copy\OBMW2\OBMW2\PS3_Debug\ps3ppuld32.1264.read.1.tlog
C:\Users\44736\Desktop\MW2\Sprx Bases By Wizimodz !\Sprx Bases by Wizimodz !\WhiteWater Base\Obsidian - Copy\OBMW2\OBMW2\PS3_Debug\ps3ppuld32.1264.write.1.tlog
C:\Users\44736\Desktop\MW2\Sprx Bases By Wizimodz !\Sprx Bases by Wizimodz !\WhiteWater Base\Obsidian - Copy\OBMW2\OBMW2\PS3_Debug\ps3ppuld32.12712.read.1.tlog
C:\Users\44736\Desktop\MW2\Sprx Bases By Wizimodz !\Sprx Bases by Wizimodz !\WhiteWater Base\Obsidian - Copy\OBMW2\OBMW2\PS3_Debug\ps3ppuld32.12712.write.1.tlog
C:\Users\44736\Desktop\MW2\Sprx Bases By Wizimodz !\Sprx Bases by Wizimodz !\WhiteWater Base\Obsidian - Copy\OBMW2\OBMW2\PS3_Debug\ps3ppuld32.12740.read.1.tlog
C:\Users\44736\Desktop\MW2\Sprx Bases By Wizimodz !\Sprx Bases by Wizimodz !\WhiteWater Base\Obsidian - Copy\OBMW2\OBMW2\PS3_Debug\ps3ppuld32.12740.write.1.tlog
C:\Users\44736\Desktop\MW2\Sprx Bases By Wizimodz !\Sprx Bases by Wizimodz !\WhiteWater Base\Obsidian - Copy\OBMW2\OBMW2\PS3_Debug\ps3ppuld32.12828.read.1.tlog
C:\Users\44736\Desktop\MW2\Sprx Bases By Wizimodz !\Sprx Bases by Wizimodz !\WhiteWater Base\Obsidian - Copy\OBMW2\OBMW2\PS3_Debug\ps3ppuld32.12828.write.1.tlog
C:\Users\44736\Desktop\MW2\Sprx Bases By Wizimodz !\Sprx Bases by Wizimodz !\WhiteWater Base\Obsidian - Copy\OBMW2\OBMW2\PS3_Debug\ps3ppuld32.12840.read.1.tlog
C:\Users\44736\Desktop\MW2\Sprx Bases By Wizimodz !\Sprx Bases by Wizimodz !\WhiteWater Base\Obsidian - Copy\OBMW2\OBMW2\PS3_Debug\ps3ppuld32.12840.write.1.tlog
C:\Users\44736\Desktop\MW2\Sprx Bases By Wizimodz !\Sprx Bases by Wizimodz !\WhiteWater Base\Obsidian - Copy\OBMW2\OBMW2\PS3_Debug\ps3ppuld32.12848.read.1.tlog
C:\Users\44736\Desktop\MW2\Sprx Bases By Wizimodz !\Sprx Bases by Wizimodz !\WhiteWater Base\Obsidian - Copy\OBMW2\OBMW2\PS3_Debug\ps3ppuld32.12848.write.1.tlog
C:\Users\44736\Desktop\MW2\Sprx Bases By Wizimodz !\Sprx Bases by Wizimodz !\WhiteWater Base\Obsidian - Copy\OBMW2\OBMW2\PS3_Debug\ps3ppuld32.12984.read.1.tlog
C:\Users\44736\Desktop\MW2\Sprx Bases By Wizimodz !\Sprx Bases by Wizimodz !\WhiteWater Base\Obsidian - Copy\OBMW2\OBMW2\PS3_Debug\ps3ppuld32.12984.write.1.tlog
C:\Users\44736\Desktop\MW2\Sprx Bases By Wizimodz !\Sprx Bases by Wizimodz !\WhiteWater Base\Obsidian - Copy\OBMW2\OBMW2\PS3_Debug\ps3ppuld32.13032.read.1.tlog
C:\Users\44736\Desktop\MW2\Sprx Bases By Wizimodz !\Sprx Bases by Wizimodz !\WhiteWater Base\Obsidian - Copy\OBMW2\OBMW2\PS3_Debug\ps3ppuld32.13032.write.1.tlog
C:\Users\44736\Desktop\MW2\Sprx Bases By Wizimodz !\Sprx Bases by Wizimodz !\WhiteWater Base\Obsidian - Copy\OBMW2\OBMW2\PS3_Debug\ps3ppuld32.13036.read.1.tlog
C:\Users\44736\Desktop\MW2\Sprx Bases By Wizimodz !\Sprx Bases by Wizimodz !\WhiteWater Base\Obsidian - Copy\OBMW2\OBMW2\PS3_Debug\ps3ppuld32.13036.write.1.tlog
C:\Users\44736\Desktop\MW2\Sprx Bases By Wizimodz !\Sprx Bases by Wizimodz !\WhiteWater Base\Obsidian - Copy\OBMW2\OBMW2\PS3_Debug\ps3ppuld32.13108.read.1.tlog
C:\Users\44736\Desktop\MW2\Sprx Bases By Wizimodz !\Sprx Bases by Wizimodz !\WhiteWater Base\Obsidian - Copy\OBMW2\OBMW2\PS3_Debug\ps3ppuld32.13108.write.1.tlog
C:\Users\44736\Desktop\MW2\Sprx Bases By Wizimodz !\Sprx Bases by Wizimodz !\WhiteWater Base\Obsidian - Copy\OBMW2\OBMW2\PS3_Debug\ps3ppuld32.13124.read.1.tlog
C:\Users\44736\Desktop\MW2\Sprx Bases By Wizimodz !\Sprx Bases by Wizimodz !\WhiteWater Base\Obsidian - Copy\OBMW2\OBMW2\PS3_Debug\ps3ppuld32.13124.write.1.tlog
C:\Users\44736\Desktop\MW2\Sprx Bases By Wizimodz !\Sprx Bases by Wizimodz !\WhiteWater Base\Obsidian - Copy\OBMW2\OBMW2\PS3_Debug\ps3ppuld32.13140.read.1.tlog
C:\Users\44736\Desktop\MW2\Sprx Bases By Wizimodz !\Sprx Bases by Wizimodz !\WhiteWater Base\Obsidian - Copy\OBMW2\OBMW2\PS3_Debug\ps3ppuld32.13140.write.1.tlog
C:\Users\44736\Desktop\MW2\Sprx Bases By Wizimodz !\Sprx Bases by Wizimodz !\WhiteWater Base\Obsidian - Copy\OBMW2\OBMW2\PS3_Debug\ps3ppuld32.13148.read.1.tlog
C:\Users\44736\Desktop\MW2\Sprx Bases By Wizimodz !\Sprx Bases by Wizimodz !\WhiteWater Base\Obsidian - Copy\OBMW2\OBMW2\PS3_Debug\ps3ppuld32.13148.write.1.tlog
C:\Users\44736\Desktop\MW2\Sprx Bases By Wizimodz !\Sprx Bases by Wizimodz !\WhiteWater Base\Obsidian - Copy\OBMW2\OBMW2\PS3_Debug\ps3ppuld32.13176.read.1.tlog
C:\Users\44736\Desktop\MW2\Sprx Bases By Wizimodz !\Sprx Bases by Wizimodz !\WhiteWater Base\Obsidian - Copy\OBMW2\OBMW2\PS3_Debug\ps3ppuld32.13176.write.1.tlog
C:\Users\44736\Desktop\MW2\Sprx Bases By Wizimodz !\Sprx Bases by Wizimodz !\WhiteWater Base\Obsidian - Copy\OBMW2\OBMW2\PS3_Debug\ps3ppuld32.13236.read.1.tlog
C:\Users\44736\Desktop\MW2\Sprx Bases By Wizimodz !\Sprx Bases by Wizimodz !\WhiteWater Base\Obsidian - Copy\OBMW2\OBMW2\PS3_Debug\ps3ppuld32.13236.write.1.tlog
C:\Users\44736\Desktop\MW2\Sprx Bases By Wizimodz !\Sprx Bases by Wizimodz !\WhiteWater Base\Obsidian - Copy\OBMW2\OBMW2\PS3_Debug\ps3ppuld32.13316.read.1.tlog
C:\Users\44736\Desktop\MW2\Sprx Bases By Wizimodz !\Sprx Bases by Wizimodz !\WhiteWater Base\Obsidian - Copy\OBMW2\OBMW2\PS3_Debug\ps3ppuld32.13316.write.1.tlog
C:\Users\44736\Desktop\MW2\Sprx Bases By Wizimodz !\Sprx Bases by Wizimodz !\WhiteWater Base\Obsidian - Copy\OBMW2\OBMW2\PS3_Debug\ps3ppuld32.13392.read.1.tlog
C:\Users\44736\Desktop\MW2\Sprx Bases By Wizimodz !\Sprx Bases by Wizimodz !\WhiteWater Base\Obsidian - Copy\OBMW2\OBMW2\PS3_Debug\ps3ppuld32.13392.write.1.tlog
C:\Users\44736\Desktop\MW2\Sprx Bases By Wizimodz !\Sprx Bases by Wizimodz !\WhiteWater Base\Obsidian - Copy\OBMW2\OBMW2\PS3_Debug\ps3ppuld32.13472.read.1.tlog
C:\Users\44736\Desktop\MW2\Sprx Bases By Wizimodz !\Sprx Bases by Wizimodz !\WhiteWater Base\Obsidian - Copy\OBMW2\OBMW2\PS3_Debug\ps3ppuld32.13472.write.1.tlog
C:\Users\44736\Desktop\MW2\Sprx Bases By Wizimodz !\Sprx Bases by Wizimodz !\WhiteWater Base\Obsidian - Copy\OBMW2\OBMW2\PS3_Debug\ps3ppuld32.1348.read.1.tlog
C:\Users\44736\Desktop\MW2\Sprx Bases By Wizimodz !\Sprx Bases by Wizimodz !\WhiteWater Base\Obsidian - Copy\OBMW2\OBMW2\PS3_Debug\ps3ppuld32.1348.write.1.tlog
C:\Users\44736\Desktop\MW2\Sprx Bases By Wizimodz !\Sprx Bases by Wizimodz !\WhiteWater Base\Obsidian - Copy\OBMW2\OBMW2\PS3_Debug\ps3ppuld32.13588.read.1.tlog
C:\Users\44736\Desktop\MW2\Sprx Bases By Wizimodz !\Sprx Bases by Wizimodz !\WhiteWater Base\Obsidian - Copy\OBMW2\OBMW2\PS3_Debug\ps3ppuld32.13588.write.1.tlog
C:\Users\44736\Desktop\MW2\Sprx Bases By Wizimodz !\Sprx Bases by Wizimodz !\WhiteWater Base\Obsidian - Copy\OBMW2\OBMW2\PS3_Debug\ps3ppuld32.13620.read.1.tlog
C:\Users\44736\Desktop\MW2\Sprx Bases By Wizimodz !\Sprx Bases by Wizimodz !\WhiteWater Base\Obsidian - Copy\OBMW2\OBMW2\PS3_Debug\ps3ppuld32.13620.write.1.tlog
C:\Users\44736\Desktop\MW2\Sprx Bases By Wizimodz !\Sprx Bases by Wizimodz !\WhiteWater Base\Obsidian - Copy\OBMW2\OBMW2\PS3_Debug\ps3ppuld32.13732.read.1.tlog
C:\Users\44736\Desktop\MW2\Sprx Bases By Wizimodz !\Sprx Bases by Wizimodz !\WhiteWater Base\Obsidian - Copy\OBMW2\OBMW2\PS3_Debug\ps3ppuld32.13732.write.1.tlog
C:\Users\44736\Desktop\MW2\Sprx Bases By Wizimodz !\Sprx Bases by Wizimodz !\WhiteWater Base\Obsidian - Copy\OBMW2\OBMW2\PS3_Debug\ps3ppuld32.13988.read.1.tlog
C:\Users\44736\Desktop\MW2\Sprx Bases By Wizimodz !\Sprx Bases by Wizimodz !\WhiteWater Base\Obsidian - Copy\OBMW2\OBMW2\PS3_Debug\ps3ppuld32.13988.write.1.tlog
C:\Users\44736\Desktop\MW2\Sprx Bases By Wizimodz !\Sprx Bases by Wizimodz !\WhiteWater Base\Obsidian - Copy\OBMW2\OBMW2\PS3_Debug\ps3ppuld32.14064.read.1.tlog
C:\Users\44736\Desktop\MW2\Sprx Bases By Wizimodz !\Sprx Bases by Wizimodz !\WhiteWater Base\Obsidian - Copy\OBMW2\OBMW2\PS3_Debug\ps3ppuld32.14064.write.1.tlog
C:\Users\44736\Desktop\MW2\Sprx Bases By Wizimodz !\Sprx Bases by Wizimodz !\WhiteWater Base\Obsidian - Copy\OBMW2\OBMW2\PS3_Debug\ps3ppuld32.14084.read.1.tlog
C:\Users\44736\Desktop\MW2\Sprx Bases By Wizimodz !\Sprx Bases by Wizimodz !\WhiteWater Base\Obsidian - Copy\OBMW2\OBMW2\PS3_Debug\ps3ppuld32.14084.write.1.tlog
C:\Users\44736\Desktop\MW2\Sprx Bases By Wizimodz !\Sprx Bases by Wizimodz !\WhiteWater Base\Obsidian - Copy\OBMW2\OBMW2\PS3_Debug\ps3ppuld32.14264.read.1.tlog
C:\Users\44736\Desktop\MW2\Sprx Bases By Wizimodz !\Sprx Bases by Wizimodz !\WhiteWater Base\Obsidian - Copy\OBMW2\OBMW2\PS3_Debug\ps3ppuld32.14264.write.1.tlog
C:\Users\44736\Desktop\MW2\Sprx Bases By Wizimodz !\Sprx Bases by Wizimodz !\WhiteWater Base\Obsidian - Copy\OBMW2\OBMW2\PS3_Debug\ps3ppuld32.14356.read.1.tlog
C:\Users\44736\Desktop\MW2\Sprx Bases By Wizimodz !\Sprx Bases by Wizimodz !\WhiteWater Base\Obsidian - Copy\OBMW2\OBMW2\PS3_Debug\ps3ppuld32.14356.write.1.tlog
C:\Users\44736\Desktop\MW2\Sprx Bases By Wizimodz !\Sprx Bases by Wizimodz !\WhiteWater Base\Obsidian - Copy\OBMW2\OBMW2\PS3_Debug\ps3ppuld32.14420.read.1.tlog
C:\Users\44736\Desktop\MW2\Sprx Bases By Wizimodz !\Sprx Bases by Wizimodz !\WhiteWater Base\Obsidian - Copy\OBMW2\OBMW2\PS3_Debug\ps3ppuld32.14420.write.1.tlog
C:\Users\44736\Desktop\MW2\Sprx Bases By Wizimodz !\Sprx Bases by Wizimodz !\WhiteWater Base\Obsidian - Copy\OBMW2\OBMW2\PS3_Debug\ps3ppuld32.14460.read.1.tlog
C:\Users\44736\Desktop\MW2\Sprx Bases By Wizimodz !\Sprx Bases by Wizimodz !\WhiteWater Base\Obsidian - Copy\OBMW2\OBMW2\PS3_Debug\ps3ppuld32.14460.write.1.tlog
C:\Users\44736\Desktop\MW2\Sprx Bases By Wizimodz !\Sprx Bases by Wizimodz !\WhiteWater Base\Obsidian - Copy\OBMW2\OBMW2\PS3_Debug\ps3ppuld32.14480.read.1.tlog
C:\Users\44736\Desktop\MW2\Sprx Bases By Wizimodz !\Sprx Bases by Wizimodz !\WhiteWater Base\Obsidian - Copy\OBMW2\OBMW2\PS3_Debug\ps3ppuld32.14480.write.1.tlog
C:\Users\44736\Desktop\MW2\Sprx Bases By Wizimodz !\Sprx Bases by Wizimodz !\WhiteWater Base\Obsidian - Copy\OBMW2\OBMW2\PS3_Debug\ps3ppuld32.14548.read.1.tlog
C:\Users\44736\Desktop\MW2\Sprx Bases By Wizimodz !\Sprx Bases by Wizimodz !\WhiteWater Base\Obsidian - Copy\OBMW2\OBMW2\PS3_Debug\ps3ppuld32.14548.write.1.tlog
C:\Users\44736\Desktop\MW2\Sprx Bases By Wizimodz !\Sprx Bases by Wizimodz !\WhiteWater Base\Obsidian - Copy\OBMW2\OBMW2\PS3_Debug\ps3ppuld32.14604.read.1.tlog
C:\Users\44736\Desktop\MW2\Sprx Bases By Wizimodz !\Sprx Bases by Wizimodz !\WhiteWater Base\Obsidian - Copy\OBMW2\OBMW2\PS3_Debug\ps3ppuld32.14604.write.1.tlog
C:\Users\44736\Desktop\MW2\Sprx Bases By Wizimodz !\Sprx Bases by Wizimodz !\WhiteWater Base\Obsidian - Copy\OBMW2\OBMW2\PS3_Debug\ps3ppuld32.14636.read.1.tlog
C:\Users\44736\Desktop\MW2\Sprx Bases By Wizimodz !\Sprx Bases by Wizimodz !\WhiteWater Base\Obsidian - Copy\OBMW2\OBMW2\PS3_Debug\ps3ppuld32.14636.write.1.tlog
C:\Users\44736\Desktop\MW2\Sprx Bases By Wizimodz !\Sprx Bases by Wizimodz !\WhiteWater Base\Obsidian - Copy\OBMW2\OBMW2\PS3_Debug\ps3ppuld32.14640.read.1.tlog
C:\Users\44736\Desktop\MW2\Sprx Bases By Wizimodz !\Sprx Bases by Wizimodz !\WhiteWater Base\Obsidian - Copy\OBMW2\OBMW2\PS3_Debug\ps3ppuld32.14640.write.1.tlog
C:\Users\44736\Desktop\MW2\Sprx Bases By Wizimodz !\Sprx Bases by Wizimodz !\WhiteWater Base\Obsidian - Copy\OBMW2\OBMW2\PS3_Debug\ps3ppuld32.14676.read.1.tlog
C:\Users\44736\Desktop\MW2\Sprx Bases By Wizimodz !\Sprx Bases by Wizimodz !\WhiteWater Base\Obsidian - Copy\OBMW2\OBMW2\PS3_Debug\ps3ppuld32.14676.write.1.tlog
C:\Users\44736\Desktop\MW2\Sprx Bases By Wizimodz !\Sprx Bases by Wizimodz !\WhiteWater Base\Obsidian - Copy\OBMW2\OBMW2\PS3_Debug\ps3ppuld32.14764.read.1.tlog
C:\Users\44736\Desktop\MW2\Sprx Bases By Wizimodz !\Sprx Bases by Wizimodz !\WhiteWater Base\Obsidian - Copy\OBMW2\OBMW2\PS3_Debug\ps3ppuld32.14764.write.1.tlog
C:\Users\44736\Desktop\MW2\Sprx Bases By Wizimodz !\Sprx Bases by Wizimodz !\WhiteWater Base\Obsidian - Copy\OBMW2\OBMW2\PS3_Debug\ps3ppuld32.14812.read.1.tlog
C:\Users\44736\Desktop\MW2\Sprx Bases By Wizimodz !\Sprx Bases by Wizimodz !\WhiteWater Base\Obsidian - Copy\OBMW2\OBMW2\PS3_Debug\ps3ppuld32.14812.write.1.tlog
C:\Users\44736\Desktop\MW2\Sprx Bases By Wizimodz !\Sprx Bases by Wizimodz !\WhiteWater Base\Obsidian - Copy\OBMW2\OBMW2\PS3_Debug\ps3ppuld32.14888.read.1.tlog
C:\Users\44736\Desktop\MW2\Sprx Bases By Wizimodz !\Sprx Bases by Wizimodz !\WhiteWater Base\Obsidian - Copy\OBMW2\OBMW2\PS3_Debug\ps3ppuld32.14888.write.1.tlog
C:\Users\44736\Desktop\MW2\Sprx Bases By Wizimodz !\Sprx Bases by Wizimodz !\WhiteWater Base\Obsidian - Copy\OBMW2\OBMW2\PS3_Debug\ps3ppuld32.14892.read.1.tlog
C:\Users\44736\Desktop\MW2\Sprx Bases By Wizimodz !\Sprx Bases by Wizimodz !\WhiteWater Base\Obsidian - Copy\OBMW2\OBMW2\PS3_Debug\ps3ppuld32.14892.write.1.tlog
C:\Users\44736\Desktop\MW2\Sprx Bases By Wizimodz !\Sprx Bases by Wizimodz !\WhiteWater Base\Obsidian - Copy\OBMW2\OBMW2\PS3_Debug\ps3ppuld32.14908.read.1.tlog
C:\Users\44736\Desktop\MW2\Sprx Bases By Wizimodz !\Sprx Bases by Wizimodz !\WhiteWater Base\Obsidian - Copy\OBMW2\OBMW2\PS3_Debug\ps3ppuld32.14908.write.1.tlog
C:\Users\44736\Desktop\MW2\Sprx Bases By Wizimodz !\Sprx Bases by Wizimodz !\WhiteWater Base\Obsidian - Copy\OBMW2\OBMW2\PS3_Debug\ps3ppuld32.15012.read.1.tlog
C:\Users\44736\Desktop\MW2\Sprx Bases By Wizimodz !\Sprx Bases by Wizimodz !\WhiteWater Base\Obsidian - Copy\OBMW2\OBMW2\PS3_Debug\ps3ppuld32.15012.write.1.tlog
C:\Users\44736\Desktop\MW2\Sprx Bases By Wizimodz !\Sprx Bases by Wizimodz !\WhiteWater Base\Obsidian - Copy\OBMW2\OBMW2\PS3_Debug\ps3ppuld32.15040.read.1.tlog
C:\Users\44736\Desktop\MW2\Sprx Bases By Wizimodz !\Sprx Bases by Wizimodz !\WhiteWater Base\Obsidian - Copy\OBMW2\OBMW2\PS3_Debug\ps3ppuld32.15040.write.1.tlog
C:\Users\44736\Desktop\MW2\Sprx Bases By Wizimodz !\Sprx Bases by Wizimodz !\WhiteWater Base\Obsidian - Copy\OBMW2\OBMW2\PS3_Debug\ps3ppuld32.15064.read.1.tlog
C:\Users\44736\Desktop\MW2\Sprx Bases By Wizimodz !\Sprx Bases by Wizimodz !\WhiteWater Base\Obsidian - Copy\OBMW2\OBMW2\PS3_Debug\ps3ppuld32.15064.write.1.tlog
C:\Users\44736\Desktop\MW2\Sprx Bases By Wizimodz !\Sprx Bases by Wizimodz !\WhiteWater Base\Obsidian - Copy\OBMW2\OBMW2\PS3_Debug\ps3ppuld32.15124.read.1.tlog
C:\Users\44736\Desktop\MW2\Sprx Bases By Wizimodz !\Sprx Bases by Wizimodz !\WhiteWater Base\Obsidian - Copy\OBMW2\OBMW2\PS3_Debug\ps3ppuld32.15124.write.1.tlog
C:\Users\44736\Desktop\MW2\Sprx Bases By Wizimodz !\Sprx Bases by Wizimodz !\WhiteWater Base\Obsidian - Copy\OBMW2\OBMW2\PS3_Debug\ps3ppuld32.15144.read.1.tlog
C:\Users\44736\Desktop\MW2\Sprx Bases By Wizimodz !\Sprx Bases by Wizimodz !\WhiteWater Base\Obsidian - Copy\OBMW2\OBMW2\PS3_Debug\ps3ppuld32.15144.write.1.tlog
C:\Users\44736\Desktop\MW2\Sprx Bases By Wizimodz !\Sprx Bases by Wizimodz !\WhiteWater Base\Obsidian - Copy\OBMW2\OBMW2\PS3_Debug\ps3ppuld32.15192.read.1.tlog
C:\Users\44736\Desktop\MW2\Sprx Bases By Wizimodz !\Sprx Bases by Wizimodz !\WhiteWater Base\Obsidian - Copy\OBMW2\OBMW2\PS3_Debug\ps3ppuld32.15192.write.1.tlog
C:\Users\44736\Desktop\MW2\Sprx Bases By Wizimodz !\Sprx Bases by Wizimodz !\WhiteWater Base\Obsidian - Copy\OBMW2\OBMW2\PS3_Debug\ps3ppuld32.15200.read.1.tlog
C:\Users\44736\Desktop\MW2\Sprx Bases By Wizimodz !\Sprx Bases by Wizimodz !\WhiteWater Base\Obsidian - Copy\OBMW2\OBMW2\PS3_Debug\ps3ppuld32.15200.write.1.tlog
C:\Users\44736\Desktop\MW2\Sprx Bases By Wizimodz !\Sprx Bases by Wizimodz !\WhiteWater Base\Obsidian - Copy\OBMW2\OBMW2\PS3_Debug\ps3ppuld32.15264.read.1.tlog
C:\Users\44736\Desktop\MW2\Sprx Bases By Wizimodz !\Sprx Bases by Wizimodz !\WhiteWater Base\Obsidian - Copy\OBMW2\OBMW2\PS3_Debug\ps3ppuld32.15264.write.1.tlog
C:\Users\44736\Desktop\MW2\Sprx Bases By Wizimodz !\Sprx Bases by Wizimodz !\WhiteWater Base\Obsidian - Copy\OBMW2\OBMW2\PS3_Debug\ps3ppuld32.15308.read.1.tlog
C:\Users\44736\Desktop\MW2\Sprx Bases By Wizimodz !\Sprx Bases by Wizimodz !\WhiteWater Base\Obsidian - Copy\OBMW2\OBMW2\PS3_Debug\ps3ppuld32.15308.write.1.tlog
C:\Users\44736\Desktop\MW2\Sprx Bases By Wizimodz !\Sprx Bases by Wizimodz !\WhiteWater Base\Obsidian - Copy\OBMW2\OBMW2\PS3_Debug\ps3ppuld32.1532.read.1.tlog
C:\Users\44736\Desktop\MW2\Sprx Bases By Wizimodz !\Sprx Bases by Wizimodz !\WhiteWater Base\Obsidian - Copy\OBMW2\OBMW2\PS3_Debug\ps3ppuld32.1532.write.1.tlog
C:\Users\44736\Desktop\MW2\Sprx Bases By Wizimodz !\Sprx Bases by Wizimodz !\WhiteWater Base\Obsidian - Copy\OBMW2\OBMW2\PS3_Debug\ps3ppuld32.15428.read.1.tlog
C:\Users\44736\Desktop\MW2\Sprx Bases By Wizimodz !\Sprx Bases by Wizimodz !\WhiteWater Base\Obsidian - Copy\OBMW2\OBMW2\PS3_Debug\ps3ppuld32.15428.write.1.tlog
C:\Users\44736\Desktop\MW2\Sprx Bases By Wizimodz !\Sprx Bases by Wizimodz !\WhiteWater Base\Obsidian - Copy\OBMW2\OBMW2\PS3_Debug\ps3ppuld32.15444.read.1.tlog
C:\Users\44736\Desktop\MW2\Sprx Bases By Wizimodz !\Sprx Bases by Wizimodz !\WhiteWater Base\Obsidian - Copy\OBMW2\OBMW2\PS3_Debug\ps3ppuld32.15444.write.1.tlog
C:\Users\44736\Desktop\MW2\Sprx Bases By Wizimodz !\Sprx Bases by Wizimodz !\WhiteWater Base\Obsidian - Copy\OBMW2\OBMW2\PS3_Debug\ps3ppuld32.15452.read.1.tlog
C:\Users\44736\Desktop\MW2\Sprx Bases By Wizimodz !\Sprx Bases by Wizimodz !\WhiteWater Base\Obsidian - Copy\OBMW2\OBMW2\PS3_Debug\ps3ppuld32.15452.write.1.tlog
C:\Users\44736\Desktop\MW2\Sprx Bases By Wizimodz !\Sprx Bases by Wizimodz !\WhiteWater Base\Obsidian - Copy\OBMW2\OBMW2\PS3_Debug\ps3ppuld32.16084.read.1.tlog
C:\Users\44736\Desktop\MW2\Sprx Bases By Wizimodz !\Sprx Bases by Wizimodz !\WhiteWater Base\Obsidian - Copy\OBMW2\OBMW2\PS3_Debug\ps3ppuld32.16084.write.1.tlog
C:\Users\44736\Desktop\MW2\Sprx Bases By Wizimodz !\Sprx Bases by Wizimodz !\WhiteWater Base\Obsidian - Copy\OBMW2\OBMW2\PS3_Debug\ps3ppuld32.16252.read.1.tlog
C:\Users\44736\Desktop\MW2\Sprx Bases By Wizimodz !\Sprx Bases by Wizimodz !\WhiteWater Base\Obsidian - Copy\OBMW2\OBMW2\PS3_Debug\ps3ppuld32.16252.write.1.tlog
C:\Users\44736\Desktop\MW2\Sprx Bases By Wizimodz !\Sprx Bases by Wizimodz !\WhiteWater Base\Obsidian - Copy\OBMW2\OBMW2\PS3_Debug\ps3ppuld32.1644.read.1.tlog
C:\Users\44736\Desktop\MW2\Sprx Bases By Wizimodz !\Sprx Bases by Wizimodz !\WhiteWater Base\Obsidian - Copy\OBMW2\OBMW2\PS3_Debug\ps3ppuld32.1644.write.1.tlog
C:\Users\44736\Desktop\MW2\Sprx Bases By Wizimodz !\Sprx Bases by Wizimodz !\WhiteWater Base\Obsidian - Copy\OBMW2\OBMW2\PS3_Debug\ps3ppuld32.16452.read.1.tlog
C:\Users\44736\Desktop\MW2\Sprx Bases By Wizimodz !\Sprx Bases by Wizimodz !\WhiteWater Base\Obsidian - Copy\OBMW2\OBMW2\PS3_Debug\ps3ppuld32.16452.write.1.tlog
C:\Users\44736\Desktop\MW2\Sprx Bases By Wizimodz !\Sprx Bases by Wizimodz !\WhiteWater Base\Obsidian - Copy\OBMW2\OBMW2\PS3_Debug\ps3ppuld32.16532.read.1.tlog
C:\Users\44736\Desktop\MW2\Sprx Bases By Wizimodz !\Sprx Bases by Wizimodz !\WhiteWater Base\Obsidian - Copy\OBMW2\OBMW2\PS3_Debug\ps3ppuld32.16532.write.1.tlog
C:\Users\44736\Desktop\MW2\Sprx Bases By Wizimodz !\Sprx Bases by Wizimodz !\WhiteWater Base\Obsidian - Copy\OBMW2\OBMW2\PS3_Debug\ps3ppuld32.16648.read.1.tlog
C:\Users\44736\Desktop\MW2\Sprx Bases By Wizimodz !\Sprx Bases by Wizimodz !\WhiteWater Base\Obsidian - Copy\OBMW2\OBMW2\PS3_Debug\ps3ppuld32.16648.write.1.tlog
C:\Users\44736\Desktop\MW2\Sprx Bases By Wizimodz !\Sprx Bases by Wizimodz !\WhiteWater Base\Obsidian - Copy\OBMW2\OBMW2\PS3_Debug\ps3ppuld32.1692.read.1.tlog
C:\Users\44736\Desktop\MW2\Sprx Bases By Wizimodz !\Sprx Bases by Wizimodz !\WhiteWater Base\Obsidian - Copy\OBMW2\OBMW2\PS3_Debug\ps3ppuld32.1692.write.1.tlog
C:\Users\44736\Desktop\MW2\Sprx Bases By Wizimodz !\Sprx Bases by Wizimodz !\WhiteWater Base\Obsidian - Copy\OBMW2\OBMW2\PS3_Debug\ps3ppuld32.17112.read.1.tlog
C:\Users\44736\Desktop\MW2\Sprx Bases By Wizimodz !\Sprx Bases by Wizimodz !\WhiteWater Base\Obsidian - Copy\OBMW2\OBMW2\PS3_Debug\ps3ppuld32.17112.write.1.tlog
C:\Users\44736\Desktop\MW2\Sprx Bases By Wizimodz !\Sprx Bases by Wizimodz !\WhiteWater Base\Obsidian - Copy\OBMW2\OBMW2\PS3_Debug\ps3ppuld32.17536.read.1.tlog
C:\Users\44736\Desktop\MW2\Sprx Bases By Wizimodz !\Sprx Bases by Wizimodz !\WhiteWater Base\Obsidian - Copy\OBMW2\OBMW2\PS3_Debug\ps3ppuld32.17536.write.1.tlog
C:\Users\44736\Desktop\MW2\Sprx Bases By Wizimodz !\Sprx Bases by Wizimodz !\WhiteWater Base\Obsidian - Copy\OBMW2\OBMW2\PS3_Debug\ps3ppuld32.17780.read.1.tlog
C:\Users\44736\Desktop\MW2\Sprx Bases By Wizimodz !\Sprx Bases by Wizimodz !\WhiteWater Base\Obsidian - Copy\OBMW2\OBMW2\PS3_Debug\ps3ppuld32.17780.write.1.tlog
C:\Users\44736\Desktop\MW2\Sprx Bases By Wizimodz !\Sprx Bases by Wizimodz !\WhiteWater Base\Obsidian - Copy\OBMW2\OBMW2\PS3_Debug\ps3ppuld32.17832.read.1.tlog
C:\Users\44736\Desktop\MW2\Sprx Bases By Wizimodz !\Sprx Bases by Wizimodz !\WhiteWater Base\Obsidian - Copy\OBMW2\OBMW2\PS3_Debug\ps3ppuld32.17832.write.1.tlog
C:\Users\44736\Desktop\MW2\Sprx Bases By Wizimodz !\Sprx Bases by Wizimodz !\WhiteWater Base\Obsidian - Copy\OBMW2\OBMW2\PS3_Debug\ps3ppuld32.18584.read.1.tlog
C:\Users\44736\Desktop\MW2\Sprx Bases By Wizimodz !\Sprx Bases by Wizimodz !\WhiteWater Base\Obsidian - Copy\OBMW2\OBMW2\PS3_Debug\ps3ppuld32.18584.write.1.tlog
C:\Users\44736\Desktop\MW2\Sprx Bases By Wizimodz !\Sprx Bases by Wizimodz !\WhiteWater Base\Obsidian - Copy\OBMW2\OBMW2\PS3_Debug\ps3ppuld32.18800.read.1.tlog
C:\Users\44736\Desktop\MW2\Sprx Bases By Wizimodz !\Sprx Bases by Wizimodz !\WhiteWater Base\Obsidian - Copy\OBMW2\OBMW2\PS3_Debug\ps3ppuld32.18800.write.1.tlog
C:\Users\44736\Desktop\MW2\Sprx Bases By Wizimodz !\Sprx Bases by Wizimodz !\WhiteWater Base\Obsidian - Copy\OBMW2\OBMW2\PS3_Debug\ps3ppuld32.2036.read.1.tlog
C:\Users\44736\Desktop\MW2\Sprx Bases By Wizimodz !\Sprx Bases by Wizimodz !\WhiteWater Base\Obsidian - Copy\OBMW2\OBMW2\PS3_Debug\ps3ppuld32.2036.write.1.tlog
C:\Users\44736\Desktop\MW2\Sprx Bases By Wizimodz !\Sprx Bases by Wizimodz !\WhiteWater Base\Obsidian - Copy\OBMW2\OBMW2\PS3_Debug\ps3ppuld32.2104.read.1.tlog
C:\Users\44736\Desktop\MW2\Sprx Bases By Wizimodz !\Sprx Bases by Wizimodz !\WhiteWater Base\Obsidian - Copy\OBMW2\OBMW2\PS3_Debug\ps3ppuld32.2104.write.1.tlog
C:\Users\44736\Desktop\MW2\Sprx Bases By Wizimodz !\Sprx Bases by Wizimodz !\WhiteWater Base\Obsidian - Copy\OBMW2\OBMW2\PS3_Debug\ps3ppuld32.2136.read.1.tlog
C:\Users\44736\Desktop\MW2\Sprx Bases By Wizimodz !\Sprx Bases by Wizimodz !\WhiteWater Base\Obsidian - Copy\OBMW2\OBMW2\PS3_Debug\ps3ppuld32.2136.write.1.tlog
C:\Users\44736\Desktop\MW2\Sprx Bases By Wizimodz !\Sprx Bases by Wizimodz !\WhiteWater Base\Obsidian - Copy\OBMW2\OBMW2\PS3_Debug\ps3ppuld32.2184.read.1.tlog
C:\Users\44736\Desktop\MW2\Sprx Bases By Wizimodz !\Sprx Bases by Wizimodz !\WhiteWater Base\Obsidian - Copy\OBMW2\OBMW2\PS3_Debug\ps3ppuld32.2184.write.1.tlog
C:\Users\44736\Desktop\MW2\Sprx Bases By Wizimodz !\Sprx Bases by Wizimodz !\WhiteWater Base\Obsidian - Copy\OBMW2\OBMW2\PS3_Debug\ps3ppuld32.2244.read.1.tlog
C:\Users\44736\Desktop\MW2\Sprx Bases By Wizimodz !\Sprx Bases by Wizimodz !\WhiteWater Base\Obsidian - Copy\OBMW2\OBMW2\PS3_Debug\ps3ppuld32.2244.write.1.tlog
C:\Users\44736\Desktop\MW2\Sprx Bases By Wizimodz !\Sprx Bases by Wizimodz !\WhiteWater Base\Obsidian - Copy\OBMW2\OBMW2\PS3_Debug\ps3ppuld32.2248.read.1.tlog
C:\Users\44736\Desktop\MW2\Sprx Bases By Wizimodz !\Sprx Bases by Wizimodz !\WhiteWater Base\Obsidian - Copy\OBMW2\OBMW2\PS3_Debug\ps3ppuld32.2248.write.1.tlog
C:\Users\44736\Desktop\MW2\Sprx Bases By Wizimodz !\Sprx Bases by Wizimodz !\WhiteWater Base\Obsidian - Copy\OBMW2\OBMW2\PS3_Debug\ps3ppuld32.2796.read.1.tlog
C:\Users\44736\Desktop\MW2\Sprx Bases By Wizimodz !\Sprx Bases by Wizimodz !\WhiteWater Base\Obsidian - Copy\OBMW2\OBMW2\PS3_Debug\ps3ppuld32.2796.write.1.tlog
C:\Users\44736\Desktop\MW2\Sprx Bases By Wizimodz !\Sprx Bases by Wizimodz !\WhiteWater Base\Obsidian - Copy\OBMW2\OBMW2\PS3_Debug\ps3ppuld32.2832.read.1.tlog
C:\Users\44736\Desktop\MW2\Sprx Bases By Wizimodz !\Sprx Bases by Wizimodz !\WhiteWater Base\Obsidian - Copy\OBMW2\OBMW2\PS3_Debug\ps3ppuld32.2832.write.1.tlog
C:\Users\44736\Desktop\MW2\Sprx Bases By Wizimodz !\Sprx Bases by Wizimodz !\WhiteWater Base\Obsidian - Copy\OBMW2\OBMW2\PS3_Debug\ps3ppuld32.2848.read.1.tlog
C:\Users\44736\Desktop\MW2\Sprx Bases By Wizimodz !\Sprx Bases by Wizimodz !\WhiteWater Base\Obsidian - Copy\OBMW2\OBMW2\PS3_Debug\ps3ppuld32.2848.write.1.tlog
C:\Users\44736\Desktop\MW2\Sprx Bases By Wizimodz !\Sprx Bases by Wizimodz !\WhiteWater Base\Obsidian - Copy\OBMW2\OBMW2\PS3_Debug\ps3ppuld32.3228.read.1.tlog
C:\Users\44736\Desktop\MW2\Sprx Bases By Wizimodz !\Sprx Bases by Wizimodz !\WhiteWater Base\Obsidian - Copy\OBMW2\OBMW2\PS3_Debug\ps3ppuld32.3228.write.1.tlog
C:\Users\44736\Desktop\MW2\Sprx Bases By Wizimodz !\Sprx Bases by Wizimodz !\WhiteWater Base\Obsidian - Copy\OBMW2\OBMW2\PS3_Debug\ps3ppuld32.3284.read.1.tlog
C:\Users\44736\Desktop\MW2\Sprx Bases By Wizimodz !\Sprx Bases by Wizimodz !\WhiteWater Base\Obsidian - Copy\OBMW2\OBMW2\PS3_Debug\ps3ppuld32.3284.write.1.tlog
C:\Users\44736\Desktop\MW2\Sprx Bases By Wizimodz !\Sprx Bases by Wizimodz !\WhiteWater Base\Obsidian - Copy\OBMW2\OBMW2\PS3_Debug\ps3ppuld32.3376.read.1.tlog
C:\Users\44736\Desktop\MW2\Sprx Bases By Wizimodz !\Sprx Bases by Wizimodz !\WhiteWater Base\Obsidian - Copy\OBMW2\OBMW2\PS3_Debug\ps3ppuld32.3376.write.1.tlog
C:\Users\44736\Desktop\MW2\Sprx Bases By Wizimodz !\Sprx Bases by Wizimodz !\WhiteWater Base\Obsidian - Copy\OBMW2\OBMW2\PS3_Debug\ps3ppuld32.3432.read.1.tlog
C:\Users\44736\Desktop\MW2\Sprx Bases By Wizimodz !\Sprx Bases by Wizimodz !\WhiteWater Base\Obsidian - Copy\OBMW2\OBMW2\PS3_Debug\ps3ppuld32.3432.write.1.tlog
C:\Users\44736\Desktop\MW2\Sprx Bases By Wizimodz !\Sprx Bases by Wizimodz !\WhiteWater Base\Obsidian - Copy\OBMW2\OBMW2\PS3_Debug\ps3ppuld32.3448.read.1.tlog
C:\Users\44736\Desktop\MW2\Sprx Bases By Wizimodz !\Sprx Bases by Wizimodz !\WhiteWater Base\Obsidian - Copy\OBMW2\OBMW2\PS3_Debug\ps3ppuld32.3448.write.1.tlog
C:\Users\44736\Desktop\MW2\Sprx Bases By Wizimodz !\Sprx Bases by Wizimodz !\WhiteWater Base\Obsidian - Copy\OBMW2\OBMW2\PS3_Debug\ps3ppuld32.3456.read.1.tlog
C:\Users\44736\Desktop\MW2\Sprx Bases By Wizimodz !\Sprx Bases by Wizimodz !\WhiteWater Base\Obsidian - Copy\OBMW2\OBMW2\PS3_Debug\ps3ppuld32.3456.write.1.tlog
C:\Users\44736\Desktop\MW2\Sprx Bases By Wizimodz !\Sprx Bases by Wizimodz !\WhiteWater Base\Obsidian - Copy\OBMW2\OBMW2\PS3_Debug\ps3ppuld32.3540.read.1.tlog
C:\Users\44736\Desktop\MW2\Sprx Bases By Wizimodz !\Sprx Bases by Wizimodz !\WhiteWater Base\Obsidian - Copy\OBMW2\OBMW2\PS3_Debug\ps3ppuld32.3540.write.1.tlog
C:\Users\44736\Desktop\MW2\Sprx Bases By Wizimodz !\Sprx Bases by Wizimodz !\WhiteWater Base\Obsidian - Copy\OBMW2\OBMW2\PS3_Debug\ps3ppuld32.3656.read.1.tlog
C:\Users\44736\Desktop\MW2\Sprx Bases By Wizimodz !\Sprx Bases by Wizimodz !\WhiteWater Base\Obsidian - Copy\OBMW2\OBMW2\PS3_Debug\ps3ppuld32.3656.write.1.tlog
C:\Users\44736\Desktop\MW2\Sprx Bases By Wizimodz !\Sprx Bases by Wizimodz !\WhiteWater Base\Obsidian - Copy\OBMW2\OBMW2\PS3_Debug\ps3ppuld32.3684.read.1.tlog
C:\Users\44736\Desktop\MW2\Sprx Bases By Wizimodz !\Sprx Bases by Wizimodz !\WhiteWater Base\Obsidian - Copy\OBMW2\OBMW2\PS3_Debug\ps3ppuld32.3684.write.1.tlog
C:\Users\44736\Desktop\MW2\Sprx Bases By Wizimodz !\Sprx Bases by Wizimodz !\WhiteWater Base\Obsidian - Copy\OBMW2\OBMW2\PS3_Debug\ps3ppuld32.3688.read.1.tlog
C:\Users\44736\Desktop\MW2\Sprx Bases By Wizimodz !\Sprx Bases by Wizimodz !\WhiteWater Base\Obsidian - Copy\OBMW2\OBMW2\PS3_Debug\ps3ppuld32.3688.write.1.tlog
C:\Users\44736\Desktop\MW2\Sprx Bases By Wizimodz !\Sprx Bases by Wizimodz !\WhiteWater Base\Obsidian - Copy\OBMW2\OBMW2\PS3_Debug\ps3ppuld32.3904.read.1.tlog
C:\Users\44736\Desktop\MW2\Sprx Bases By Wizimodz !\Sprx Bases by Wizimodz !\WhiteWater Base\Obsidian - Copy\OBMW2\OBMW2\PS3_Debug\ps3ppuld32.3904.write.1.tlog
C:\Users\44736\Desktop\MW2\Sprx Bases By Wizimodz !\Sprx Bases by Wizimodz !\WhiteWater Base\Obsidian - Copy\OBMW2\OBMW2\PS3_Debug\ps3ppuld32.4004.read.1.tlog
C:\Users\44736\Desktop\MW2\Sprx Bases By Wizimodz !\Sprx Bases by Wizimodz !\WhiteWater Base\Obsidian - Copy\OBMW2\OBMW2\PS3_Debug\ps3ppuld32.4004.write.1.tlog
C:\Users\44736\Desktop\MW2\Sprx Bases By Wizimodz !\Sprx Bases by Wizimodz !\WhiteWater Base\Obsidian - Copy\OBMW2\OBMW2\PS3_Debug\ps3ppuld32.4008.read.1.tlog
C:\Users\44736\Desktop\MW2\Sprx Bases By Wizimodz !\Sprx Bases by Wizimodz !\WhiteWater Base\Obsidian - Copy\OBMW2\OBMW2\PS3_Debug\ps3ppuld32.4008.write.1.tlog
C:\Users\44736\Desktop\MW2\Sprx Bases By Wizimodz !\Sprx Bases by Wizimodz !\WhiteWater Base\Obsidian - Copy\OBMW2\OBMW2\PS3_Debug\ps3ppuld32.4036.read.1.tlog
C:\Users\44736\Desktop\MW2\Sprx Bases By Wizimodz !\Sprx Bases by Wizimodz !\WhiteWater Base\Obsidian - Copy\OBMW2\OBMW2\PS3_Debug\ps3ppuld32.4036.write.1.tlog
C:\Users\44736\Desktop\MW2\Sprx Bases By Wizimodz !\Sprx Bases by Wizimodz !\WhiteWater Base\Obsidian - Copy\OBMW2\OBMW2\PS3_Debug\ps3ppuld32.4076.read.1.tlog
C:\Users\44736\Desktop\MW2\Sprx Bases By Wizimodz !\Sprx Bases by Wizimodz !\WhiteWater Base\Obsidian - Copy\OBMW2\OBMW2\PS3_Debug\ps3ppuld32.4076.write.1.tlog
C:\Users\44736\Desktop\MW2\Sprx Bases By Wizimodz !\Sprx Bases by Wizimodz !\WhiteWater Base\Obsidian - Copy\OBMW2\OBMW2\PS3_Debug\ps3ppuld32.4216.read.1.tlog
C:\Users\44736\Desktop\MW2\Sprx Bases By Wizimodz !\Sprx Bases by Wizimodz !\WhiteWater Base\Obsidian - Copy\OBMW2\OBMW2\PS3_Debug\ps3ppuld32.4216.write.1.tlog
C:\Users\44736\Desktop\MW2\Sprx Bases By Wizimodz !\Sprx Bases by Wizimodz !\WhiteWater Base\Obsidian - Copy\OBMW2\OBMW2\PS3_Debug\ps3ppuld32.4444.read.1.tlog
C:\Users\44736\Desktop\MW2\Sprx Bases By Wizimodz !\Sprx Bases by Wizimodz !\WhiteWater Base\Obsidian - Copy\OBMW2\OBMW2\PS3_Debug\ps3ppuld32.4444.write.1.tlog
C:\Users\44736\Desktop\MW2\Sprx Bases By Wizimodz !\Sprx Bases by Wizimodz !\WhiteWater Base\Obsidian - Copy\OBMW2\OBMW2\PS3_Debug\ps3ppuld32.4468.read.1.tlog
C:\Users\44736\Desktop\MW2\Sprx Bases By Wizimodz !\Sprx Bases by Wizimodz !\WhiteWater Base\Obsidian - Copy\OBMW2\OBMW2\PS3_Debug\ps3ppuld32.4468.write.1.tlog
C:\Users\44736\Desktop\MW2\Sprx Bases By Wizimodz !\Sprx Bases by Wizimodz !\WhiteWater Base\Obsidian - Copy\OBMW2\OBMW2\PS3_Debug\ps3ppuld32.4492.read.1.tlog
C:\Users\44736\Desktop\MW2\Sprx Bases By Wizimodz !\Sprx Bases by Wizimodz !\WhiteWater Base\Obsidian - Copy\OBMW2\OBMW2\PS3_Debug\ps3ppuld32.4492.write.1.tlog
C:\Users\44736\Desktop\MW2\Sprx Bases By Wizimodz !\Sprx Bases by Wizimodz !\WhiteWater Base\Obsidian - Copy\OBMW2\OBMW2\PS3_Debug\ps3ppuld32.5024.read.1.tlog
C:\Users\44736\Desktop\MW2\Sprx Bases By Wizimodz !\Sprx Bases by Wizimodz !\WhiteWater Base\Obsidian - Copy\OBMW2\OBMW2\PS3_Debug\ps3ppuld32.5024.write.1.tlog
C:\Users\44736\Desktop\MW2\Sprx Bases By Wizimodz !\Sprx Bases by Wizimodz !\WhiteWater Base\Obsidian - Copy\OBMW2\OBMW2\PS3_Debug\ps3ppuld32.5196.read.1.tlog
C:\Users\44736\Desktop\MW2\Sprx Bases By Wizimodz !\Sprx Bases by Wizimodz !\WhiteWater Base\Obsidian - Copy\OBMW2\OBMW2\PS3_Debug\ps3ppuld32.5196.write.1.tlog
C:\Users\44736\Desktop\MW2\Sprx Bases By Wizimodz !\Sprx Bases by Wizimodz !\WhiteWater Base\Obsidian - Copy\OBMW2\OBMW2\PS3_Debug\ps3ppuld32.5364.read.1.tlog
C:\Users\44736\Desktop\MW2\Sprx Bases By Wizimodz !\Sprx Bases by Wizimodz !\WhiteWater Base\Obsidian - Copy\OBMW2\OBMW2\PS3_Debug\ps3ppuld32.5364.write.1.tlog
C:\Users\44736\Desktop\MW2\Sprx Bases By Wizimodz !\Sprx Bases by Wizimodz !\WhiteWater Base\Obsidian - Copy\OBMW2\OBMW2\PS3_Debug\ps3ppuld32.5392.read.1.tlog
C:\Users\44736\Desktop\MW2\Sprx Bases By Wizimodz !\Sprx Bases by Wizimodz !\WhiteWater Base\Obsidian - Copy\OBMW2\OBMW2\PS3_Debug\ps3ppuld32.5392.write.1.tlog
C:\Users\44736\Desktop\MW2\Sprx Bases By Wizimodz !\Sprx Bases by Wizimodz !\WhiteWater Base\Obsidian - Copy\OBMW2\OBMW2\PS3_Debug\ps3ppuld32.5480.read.1.tlog
C:\Users\44736\Desktop\MW2\Sprx Bases By Wizimodz !\Sprx Bases by Wizimodz !\WhiteWater Base\Obsidian - Copy\OBMW2\OBMW2\PS3_Debug\ps3ppuld32.5480.write.1.tlog
C:\Users\44736\Desktop\MW2\Sprx Bases By Wizimodz !\Sprx Bases by Wizimodz !\WhiteWater Base\Obsidian - Copy\OBMW2\OBMW2\PS3_Debug\ps3ppuld32.5488.read.1.tlog
C:\Users\44736\Desktop\MW2\Sprx Bases By Wizimodz !\Sprx Bases by Wizimodz !\WhiteWater Base\Obsidian - Copy\OBMW2\OBMW2\PS3_Debug\ps3ppuld32.5488.write.1.tlog
C:\Users\44736\Desktop\MW2\Sprx Bases By Wizimodz !\Sprx Bases by Wizimodz !\WhiteWater Base\Obsidian - Copy\OBMW2\OBMW2\PS3_Debug\ps3ppuld32.5492.read.1.tlog
C:\Users\44736\Desktop\MW2\Sprx Bases By Wizimodz !\Sprx Bases by Wizimodz !\WhiteWater Base\Obsidian - Copy\OBMW2\OBMW2\PS3_Debug\ps3ppuld32.5492.write.1.tlog
C:\Users\44736\Desktop\MW2\Sprx Bases By Wizimodz !\Sprx Bases by Wizimodz !\WhiteWater Base\Obsidian - Copy\OBMW2\OBMW2\PS3_Debug\ps3ppuld32.5584.read.1.tlog
C:\Users\44736\Desktop\MW2\Sprx Bases By Wizimodz !\Sprx Bases by Wizimodz !\WhiteWater Base\Obsidian - Copy\OBMW2\OBMW2\PS3_Debug\ps3ppuld32.5584.write.1.tlog
C:\Users\44736\Desktop\MW2\Sprx Bases By Wizimodz !\Sprx Bases by Wizimodz !\WhiteWater Base\Obsidian - Copy\OBMW2\OBMW2\PS3_Debug\ps3ppuld32.5592.read.1.tlog
C:\Users\44736\Desktop\MW2\Sprx Bases By Wizimodz !\Sprx Bases by Wizimodz !\WhiteWater Base\Obsidian - Copy\OBMW2\OBMW2\PS3_Debug\ps3ppuld32.5592.write.1.tlog
C:\Users\44736\Desktop\MW2\Sprx Bases By Wizimodz !\Sprx Bases by Wizimodz !\WhiteWater Base\Obsidian - Copy\OBMW2\OBMW2\PS3_Debug\ps3ppuld32.5944.read.1.tlog
C:\Users\44736\Desktop\MW2\Sprx Bases By Wizimodz !\Sprx Bases by Wizimodz !\WhiteWater Base\Obsidian - Copy\OBMW2\OBMW2\PS3_Debug\ps3ppuld32.5944.write.1.tlog
C:\Users\44736\Desktop\MW2\Sprx Bases By Wizimodz !\Sprx Bases by Wizimodz !\WhiteWater Base\Obsidian - Copy\OBMW2\OBMW2\PS3_Debug\ps3ppuld32.6112.read.1.tlog
C:\Users\44736\Desktop\MW2\Sprx Bases By Wizimodz !\Sprx Bases by Wizimodz !\WhiteWater Base\Obsidian - Copy\OBMW2\OBMW2\PS3_Debug\ps3ppuld32.6112.write.1.tlog
C:\Users\44736\Desktop\MW2\Sprx Bases By Wizimodz !\Sprx Bases by Wizimodz !\WhiteWater Base\Obsidian - Copy\OBMW2\OBMW2\PS3_Debug\ps3ppuld32.6252.read.1.tlog
C:\Users\44736\Desktop\MW2\Sprx Bases By Wizimodz !\Sprx Bases by Wizimodz !\WhiteWater Base\Obsidian - Copy\OBMW2\OBMW2\PS3_Debug\ps3ppuld32.6252.write.1.tlog
C:\Users\44736\Desktop\MW2\Sprx Bases By Wizimodz !\Sprx Bases by Wizimodz !\WhiteWater Base\Obsidian - Copy\OBMW2\OBMW2\PS3_Debug\ps3ppuld32.6296.read.1.tlog
C:\Users\44736\Desktop\MW2\Sprx Bases By Wizimodz !\Sprx Bases by Wizimodz !\WhiteWater Base\Obsidian - Copy\OBMW2\OBMW2\PS3_Debug\ps3ppuld32.6296.write.1.tlog
C:\Users\44736\Desktop\MW2\Sprx Bases By Wizimodz !\Sprx Bases by Wizimodz !\WhiteWater Base\Obsidian - Copy\OBMW2\OBMW2\PS3_Debug\ps3ppuld32.6304.read.1.tlog
C:\Users\44736\Desktop\MW2\Sprx Bases By Wizimodz !\Sprx Bases by Wizimodz !\WhiteWater Base\Obsidian - Copy\OBMW2\OBMW2\PS3_Debug\ps3ppuld32.6304.write.1.tlog
C:\Users\44736\Desktop\MW2\Sprx Bases By Wizimodz !\Sprx Bases by Wizimodz !\WhiteWater Base\Obsidian - Copy\OBMW2\OBMW2\PS3_Debug\ps3ppuld32.6516.read.1.tlog
C:\Users\44736\Desktop\MW2\Sprx Bases By Wizimodz !\Sprx Bases by Wizimodz !\WhiteWater Base\Obsidian - Copy\OBMW2\OBMW2\PS3_Debug\ps3ppuld32.6516.write.1.tlog
C:\Users\44736\Desktop\MW2\Sprx Bases By Wizimodz !\Sprx Bases by Wizimodz !\WhiteWater Base\Obsidian - Copy\OBMW2\OBMW2\PS3_Debug\ps3ppuld32.6648.read.1.tlog
C:\Users\44736\Desktop\MW2\Sprx Bases By Wizimodz !\Sprx Bases by Wizimodz !\WhiteWater Base\Obsidian - Copy\OBMW2\OBMW2\PS3_Debug\ps3ppuld32.6648.write.1.tlog
C:\Users\44736\Desktop\MW2\Sprx Bases By Wizimodz !\Sprx Bases by Wizimodz !\WhiteWater Base\Obsidian - Copy\OBMW2\OBMW2\PS3_Debug\ps3ppuld32.6704.read.1.tlog
C:\Users\44736\Desktop\MW2\Sprx Bases By Wizimodz !\Sprx Bases by Wizimodz !\WhiteWater Base\Obsidian - Copy\OBMW2\OBMW2\PS3_Debug\ps3ppuld32.6704.write.1.tlog
C:\Users\44736\Desktop\MW2\Sprx Bases By Wizimodz !\Sprx Bases by Wizimodz !\WhiteWater Base\Obsidian - Copy\OBMW2\OBMW2\PS3_Debug\ps3ppuld32.6724.read.1.tlog
C:\Users\44736\Desktop\MW2\Sprx Bases By Wizimodz !\Sprx Bases by Wizimodz !\WhiteWater Base\Obsidian - Copy\OBMW2\OBMW2\PS3_Debug\ps3ppuld32.6724.write.1.tlog
C:\Users\44736\Desktop\MW2\Sprx Bases By Wizimodz !\Sprx Bases by Wizimodz !\WhiteWater Base\Obsidian - Copy\OBMW2\OBMW2\PS3_Debug\ps3ppuld32.6916.read.1.tlog
C:\Users\44736\Desktop\MW2\Sprx Bases By Wizimodz !\Sprx Bases by Wizimodz !\WhiteWater Base\Obsidian - Copy\OBMW2\OBMW2\PS3_Debug\ps3ppuld32.6916.write.1.tlog
C:\Users\44736\Desktop\MW2\Sprx Bases By Wizimodz !\Sprx Bases by Wizimodz !\WhiteWater Base\Obsidian - Copy\OBMW2\OBMW2\PS3_Debug\ps3ppuld32.7012.read.1.tlog
C:\Users\44736\Desktop\MW2\Sprx Bases By Wizimodz !\Sprx Bases by Wizimodz !\WhiteWater Base\Obsidian - Copy\OBMW2\OBMW2\PS3_Debug\ps3ppuld32.7012.write.1.tlog
C:\Users\44736\Desktop\MW2\Sprx Bases By Wizimodz !\Sprx Bases by Wizimodz !\WhiteWater Base\Obsidian - Copy\OBMW2\OBMW2\PS3_Debug\ps3ppuld32.7308.read.1.tlog
C:\Users\44736\Desktop\MW2\Sprx Bases By Wizimodz !\Sprx Bases by Wizimodz !\WhiteWater Base\Obsidian - Copy\OBMW2\OBMW2\PS3_Debug\ps3ppuld32.7308.write.1.tlog
C:\Users\44736\Desktop\MW2\Sprx Bases By Wizimodz !\Sprx Bases by Wizimodz !\WhiteWater Base\Obsidian - Copy\OBMW2\OBMW2\PS3_Debug\ps3ppuld32.7564.read.1.tlog
C:\Users\44736\Desktop\MW2\Sprx Bases By Wizimodz !\Sprx Bases by Wizimodz !\WhiteWater Base\Obsidian - Copy\OBMW2\OBMW2\PS3_Debug\ps3ppuld32.7564.write.1.tlog
C:\Users\44736\Desktop\MW2\Sprx Bases By Wizimodz !\Sprx Bases by Wizimodz !\WhiteWater Base\Obsidian - Copy\OBMW2\OBMW2\PS3_Debug\ps3ppuld32.7628.read.1.tlog
C:\Users\44736\Desktop\MW2\Sprx Bases By Wizimodz !\Sprx Bases by Wizimodz !\WhiteWater Base\Obsidian - Copy\OBMW2\OBMW2\PS3_Debug\ps3ppuld32.7628.write.1.tlog
C:\Users\44736\Desktop\MW2\Sprx Bases By Wizimodz !\Sprx Bases by Wizimodz !\WhiteWater Base\Obsidian - Copy\OBMW2\OBMW2\PS3_Debug\ps3ppuld32.7760.read.1.tlog
C:\Users\44736\Desktop\MW2\Sprx Bases By Wizimodz !\Sprx Bases by Wizimodz !\WhiteWater Base\Obsidian - Copy\OBMW2\OBMW2\PS3_Debug\ps3ppuld32.7760.write.1.tlog
C:\Users\44736\Desktop\MW2\Sprx Bases By Wizimodz !\Sprx Bases by Wizimodz !\WhiteWater Base\Obsidian - Copy\OBMW2\OBMW2\PS3_Debug\ps3ppuld32.8148.read.1.tlog
C:\Users\44736\Desktop\MW2\Sprx Bases By Wizimodz !\Sprx Bases by Wizimodz !\WhiteWater Base\Obsidian - Copy\OBMW2\OBMW2\PS3_Debug\ps3ppuld32.8148.write.1.tlog
C:\Users\44736\Desktop\MW2\Sprx Bases By Wizimodz !\Sprx Bases by Wizimodz !\WhiteWater Base\Obsidian - Copy\OBMW2\OBMW2\PS3_Debug\ps3ppuld32.8316.read.1.tlog
C:\Users\44736\Desktop\MW2\Sprx Bases By Wizimodz !\Sprx Bases by Wizimodz !\WhiteWater Base\Obsidian - Copy\OBMW2\OBMW2\PS3_Debug\ps3ppuld32.8316.write.1.tlog
C:\Users\44736\Desktop\MW2\Sprx Bases By Wizimodz !\Sprx Bases by Wizimodz !\WhiteWater Base\Obsidian - Copy\OBMW2\OBMW2\PS3_Debug\ps3ppuld32.8612.read.1.tlog
C:\Users\44736\Desktop\MW2\Sprx Bases By Wizimodz !\Sprx Bases by Wizimodz !\WhiteWater Base\Obsidian - Copy\OBMW2\OBMW2\PS3_Debug\ps3ppuld32.8612.write.1.tlog
C:\Users\44736\Desktop\MW2\Sprx Bases By Wizimodz !\Sprx Bases by Wizimodz !\WhiteWater Base\Obsidian - Copy\OBMW2\OBMW2\PS3_Debug\ps3ppuld32.8680.read.1.tlog
C:\Users\44736\Desktop\MW2\Sprx Bases By Wizimodz !\Sprx Bases by Wizimodz !\WhiteWater Base\Obsidian - Copy\OBMW2\OBMW2\PS3_Debug\ps3ppuld32.8680.write.1.tlog
C:\Users\44736\Desktop\MW2\Sprx Bases By Wizimodz !\Sprx Bases by Wizimodz !\WhiteWater Base\Obsidian - Copy\OBMW2\OBMW2\PS3_Debug\ps3ppuld32.8692.read.1.tlog
C:\Users\44736\Desktop\MW2\Sprx Bases By Wizimodz !\Sprx Bases by Wizimodz !\WhiteWater Base\Obsidian - Copy\OBMW2\OBMW2\PS3_Debug\ps3ppuld32.8692.write.1.tlog
C:\Users\44736\Desktop\MW2\Sprx Bases By Wizimodz !\Sprx Bases by Wizimodz !\WhiteWater Base\Obsidian - Copy\OBMW2\OBMW2\PS3_Debug\ps3ppuld32.8884.read.1.tlog
C:\Users\44736\Desktop\MW2\Sprx Bases By Wizimodz !\Sprx Bases by Wizimodz !\WhiteWater Base\Obsidian - Copy\OBMW2\OBMW2\PS3_Debug\ps3ppuld32.8884.write.1.tlog
C:\Users\44736\Desktop\MW2\Sprx Bases By Wizimodz !\Sprx Bases by Wizimodz !\WhiteWater Base\Obsidian - Copy\OBMW2\OBMW2\PS3_Debug\ps3ppuld32.908.read.1.tlog
C:\Users\44736\Desktop\MW2\Sprx Bases By Wizimodz !\Sprx Bases by Wizimodz !\WhiteWater Base\Obsidian - Copy\OBMW2\OBMW2\PS3_Debug\ps3ppuld32.908.write.1.tlog
C:\Users\44736\Desktop\MW2\Sprx Bases By Wizimodz !\Sprx Bases by Wizimodz !\WhiteWater Base\Obsidian - Copy\OBMW2\OBMW2\PS3_Debug\ps3ppuld32.9240.read.1.tlog
C:\Users\44736\Desktop\MW2\Sprx Bases By Wizimodz !\Sprx Bases by Wizimodz !\WhiteWater Base\Obsidian - Copy\OBMW2\OBMW2\PS3_Debug\ps3ppuld32.9240.write.1.tlog
C:\Users\44736\Desktop\MW2\Sprx Bases By Wizimodz !\Sprx Bases by Wizimodz !\WhiteWater Base\Obsidian - Copy\OBMW2\OBMW2\PS3_Debug\ps3ppuld32.9284.read.1.tlog
C:\Users\44736\Desktop\MW2\Sprx Bases By Wizimodz !\Sprx Bases by Wizimodz !\WhiteWater Base\Obsidian - Copy\OBMW2\OBMW2\PS3_Debug\ps3ppuld32.9284.write.1.tlog
C:\Users\44736\Desktop\MW2\Sprx Bases By Wizimodz !\Sprx Bases by Wizimodz !\WhiteWater Base\Obsidian - Copy\OBMW2\OBMW2\PS3_Debug\ps3ppuld32.9316.read.1.tlog
C:\Users\44736\Desktop\MW2\Sprx Bases By Wizimodz !\Sprx Bases by Wizimodz !\WhiteWater Base\Obsidian - Copy\OBMW2\OBMW2\PS3_Debug\ps3ppuld32.9316.write.1.tlog
C:\Users\44736\Desktop\MW2\Sprx Bases By Wizimodz !\Sprx Bases by Wizimodz !\WhiteWater Base\Obsidian - Copy\OBMW2\OBMW2\PS3_Debug\ps3ppuld32.9348.read.1.tlog
C:\Users\44736\Desktop\MW2\Sprx Bases By Wizimodz !\Sprx Bases by Wizimodz !\WhiteWater Base\Obsidian - Copy\OBMW2\OBMW2\PS3_Debug\ps3ppuld32.9348.write.1.tlog
C:\Users\44736\Desktop\MW2\Sprx Bases By Wizimodz !\Sprx Bases by Wizimodz !\WhiteWater Base\Obsidian - Copy\OBMW2\OBMW2\PS3_Debug\ps3ppuld32.9392.read.1.tlog
C:\Users\44736\Desktop\MW2\Sprx Bases By Wizimodz !\Sprx Bases by Wizimodz !\WhiteWater Base\Obsidian - Copy\OBMW2\OBMW2\PS3_Debug\ps3ppuld32.9392.write.1.tlog
C:\Users\44736\Desktop\MW2\Sprx Bases By Wizimodz !\Sprx Bases by Wizimodz !\WhiteWater Base\Obsidian - Copy\OBMW2\OBMW2\PS3_Debug\ps3ppuld32.9512.read.1.tlog
C:\Users\44736\Desktop\MW2\Sprx Bases By Wizimodz !\Sprx Bases by Wizimodz !\WhiteWater Base\Obsidian - Copy\OBMW2\OBMW2\PS3_Debug\ps3ppuld32.9512.write.1.tlog
C:\Users\44736\Desktop\MW2\Sprx Bases By Wizimodz !\Sprx Bases by Wizimodz !\WhiteWater Base\Obsidian - Copy\OBMW2\OBMW2\PS3_Debug\ps3ppuld32.9744.read.1.tlog
C:\Users\44736\Desktop\MW2\Sprx Bases By Wizimodz !\Sprx Bases by Wizimodz !\WhiteWater Base\Obsidian - Copy\OBMW2\OBMW2\PS3_Debug\ps3ppuld32.9744.write.1.tlog
C:\Users\44736\Desktop\MW2\Sprx Bases By Wizimodz !\Sprx Bases by Wizimodz !\WhiteWater Base\Obsidian - Copy\OBMW2\OBMW2\PS3_Debug\ps3ppuld32.9756.read.1.tlog
C:\Users\44736\Desktop\MW2\Sprx Bases By Wizimodz !\Sprx Bases by Wizimodz !\WhiteWater Base\Obsidian - Copy\OBMW2\OBMW2\PS3_Debug\ps3ppuld32.9756.write.1.tlog
C:\Users\44736\Desktop\MW2\Sprx Bases By Wizimodz !\Sprx Bases by Wizimodz !\WhiteWater Base\Obsidian - Copy\OBMW2\OBMW2\PS3_Debug\ps3ppuld32.980.read.1.tlog
C:\Users\44736\Desktop\MW2\Sprx Bases By Wizimodz !\Sprx Bases by Wizimodz !\WhiteWater Base\Obsidian - Copy\OBMW2\OBMW2\PS3_Debug\ps3ppuld32.980.write.1.tlog
C:\Users\44736\Desktop\MW2\Sprx Bases By Wizimodz !\Sprx Bases by Wizimodz !\WhiteWater Base\Obsidian - Copy\OBMW2\OBMW2\PS3_Debug\ps3ppuld32.command.1.tlog
C:\Users\44736\Desktop\MW2\Sprx Bases By Wizimodz !\Sprx Bases by Wizimodz !\WhiteWater Base\Obsidian - Copy\OBMW2\OBMW2\PS3_Debug\ps3ppuld32.read.1.tlog
C:\Users\44736\Desktop\MW2\Sprx Bases By Wizimodz !\Sprx Bases by Wizimodz !\WhiteWater Base\Obsidian - Copy\OBMW2\OBMW2\PS3_Debug\ps3ppuld32.write.1.tlog
C:\Users\44736\Desktop\MW2\Sprx Bases By Wizimodz !\Sprx Bases by Wizimodz !\WhiteWater Base\Obsidian - Copy\OBMW2\OBMW2\PS3_Debug\ps3ppuld32-make_fself.read.1.tlog
C:\Users\44736\Desktop\MW2\Sprx Bases By Wizimodz !\Sprx Bases by Wizimodz !\WhiteWater Base\Obsidian - Copy\OBMW2\OBMW2\PS3_Debug\ps3ppuld32-make_fself.write.1.tlog
C:\Users\44736\Desktop\MW2\Sprx Bases By Wizimodz !\Sprx Bases by Wizimodz !\WhiteWater Base\Obsidian - Copy\OBMW2\OBMW2\PS3_Debug\ps3ppuld32-ppu-lv2-as.read.1.tlog
C:\Users\44736\Desktop\MW2\Sprx Bases By Wizimodz !\Sprx Bases by Wizimodz !\WhiteWater Base\Obsidian - Copy\OBMW2\OBMW2\PS3_Debug\ps3ppuld32-ppu-lv2-as.write.1.tlog
C:\Users\44736\Desktop\MW2\Sprx Bases By Wizimodz !\Sprx Bases by Wizimodz !\WhiteWater Base\Obsidian - Copy\OBMW2\OBMW2\PS3_Debug\ps3ppuld32-ppu-lv2-prx-fixup.read.1.tlog
C:\Users\44736\Desktop\MW2\Sprx Bases By Wizimodz !\Sprx Bases by Wizimodz !\WhiteWater Base\Obsidian - Copy\OBMW2\OBMW2\PS3_Debug\ps3ppuld32-ppu-lv2-prx-fixup.write.1.tlog
C:\Users\44736\Desktop\MW2\Sprx Bases By Wizimodz !\Sprx Bases by Wizimodz !\WhiteWater Base\Obsidian - Copy\OBMW2\OBMW2\PS3_Debug\ps3ppuld32-ppu-lv2-prx-libgen.read.1.tlog
C:\Users\44736\Desktop\MW2\Sprx Bases By Wizimodz !\Sprx Bases by Wizimodz !\WhiteWater Base\Obsidian - Copy\OBMW2\OBMW2\PS3_Debug\ps3ppuld64.10160.read.1.tlog
C:\Users\44736\Desktop\MW2\Sprx Bases By Wizimodz !\Sprx Bases by Wizimodz !\WhiteWater Base\Obsidian - Copy\OBMW2\OBMW2\PS3_Debug\ps3ppuld64.10160.write.1.tlog
C:\Users\44736\Desktop\MW2\Sprx Bases By Wizimodz !\Sprx Bases by Wizimodz !\WhiteWater Base\Obsidian - Copy\OBMW2\OBMW2\PS3_Debug\ps3ppuld64.13508.read.1.tlog
C:\Users\44736\Desktop\MW2\Sprx Bases By Wizimodz !\Sprx Bases by Wizimodz !\WhiteWater Base\Obsidian - Copy\OBMW2\OBMW2\PS3_Debug\ps3ppuld64.13508.write.1.tlog
C:\Users\44736\Desktop\MW2\Sprx Bases By Wizimodz !\Sprx Bases by Wizimodz !\WhiteWater Base\Obsidian - Copy\OBMW2\OBMW2\PS3_Debug\ps3ppuld64.command.1.tlog
C:\Users\44736\Desktop\MW2\Sprx Bases By Wizimodz !\Sprx Bases by Wizimodz !\WhiteWater Base\Obsidian - Copy\OBMW2\OBMW2\PS3_Debug\ps3ppuld64.read.1.tlog
C:\Users\44736\Desktop\MW2\Sprx Bases By Wizimodz !\Sprx Bases by Wizimodz !\WhiteWater Base\Obsidian - Copy\OBMW2\OBMW2\PS3_Debug\ps3ppuld64.write.1.tlog
C:\Users\44736\Desktop\MW2\Sprx Bases By Wizimodz !\Sprx Bases by Wizimodz !\WhiteWater Base\Obsidian - Copy\OBMW2\OBMW2\PS3_Debug\ps3ppuld64-make_fself.read.1.tlog
C:\Users\44736\Desktop\MW2\Sprx Bases By Wizimodz !\Sprx Bases by Wizimodz !\WhiteWater Base\Obsidian - Copy\OBMW2\OBMW2\PS3_Debug\ps3ppuld64-make_fself.write.1.tlog
C:\Users\44736\Desktop\MW2\Sprx Bases By Wizimodz !\Sprx Bases by Wizimodz !\WhiteWater Base\Obsidian - Copy\OBMW2\OBMW2\PS3_Debug\ps3ppuld64-ppu-lv2-as.read.1.tlog
C:\Users\44736\Desktop\MW2\Sprx Bases By Wizimodz !\Sprx Bases by Wizimodz !\WhiteWater Base\Obsidian - Copy\OBMW2\OBMW2\PS3_Debug\ps3ppuld64-ppu-lv2-as.write.1.tlog
C:\Users\44736\Desktop\MW2\Sprx Bases By Wizimodz !\Sprx Bases by Wizimodz !\WhiteWater Base\Obsidian - Copy\OBMW2\OBMW2\PS3_Debug\ps3ppuld64-ppu-lv2-prx-fixup.read.1.tlog
C:\Users\44736\Desktop\MW2\Sprx Bases By Wizimodz !\Sprx Bases by Wizimodz !\WhiteWater Base\Obsidian - Copy\OBMW2\OBMW2\PS3_Debug\ps3ppuld64-ppu-lv2-prx-fixup.write.1.tlog
C:\Users\44736\Desktop\MW2\Sprx Bases By Wizimodz !\Sprx Bases by Wizimodz !\WhiteWater Base\Obsidian - Copy\OBMW2\OBMW2\PS3_Debug\ps3ppuld64-ppu-lv2-prx-libgen.read.1.tlog
C:\Users\44736\Desktop\MW2\Sprx Bases By Wizimodz !\Sprx Bases by Wizimodz !\WhiteWater Base\Obsidian - Copy\OBMW2\OBMW2\PS3_Debug\ps3ppuld64-ppu-lv2-prx-libgen.write.1.tlog
C:\Users\44736\Desktop\MW2\Sprx Bases By Wizimodz !\Sprx Bases by Wizimodz !\WhiteWater Base\Obsidian - Copy\OBMW2\OBMW2\PS3_Debug\ps3ppusnc.command.1.tlog
C:\Users\44736\Desktop\MW2\Sprx Bases By Wizimodz !\Sprx Bases by Wizimodz !\WhiteWater Base\Obsidian - Copy\OBMW2\OBMW2\PS3_Debug\ps3ppusnc.read.1.tlog
C:\Users\44736\Desktop\MW2\Sprx Bases By Wizimodz !\Sprx Bases by Wizimodz !\WhiteWater Base\Obsidian - Copy\OBMW2\OBMW2\PS3_Debug\ps3ppusnc.write.1.tlog
C:\Users\44736\Desktop\MW2\Sprx Bases By Wizimodz !\Sprx Bases by Wizimodz !\WhiteWater Base\Obsidian - Copy\OBMW2\PS3_Debug\cellPrx_OBMW2_stub.a
C:\USERS\44736\DESKTOP\MW2\SPRX BASES BY WIZIMODZ !\SPRX BASES BY WIZIMODZ !\WHITEWATER BASE\OBSIDIAN - COPY\OBMW2\PS3_DEBUG\OBMW2.SPRX
